[Licensing::Module] Trying to connect to existing licensing client channel...
[Licensing::IpcConnector] Successfully connected to: "LicenseClient-Helia" at "2026-01-18T02:10:51.7536784Z"
Built from '6000.3/staging' branch; Version is '6000.3.3f1 (ef04196de0d6) revision 15664153'; Using compiler version '194234433'; Build Type 'Release'
OS: 'Windows 11  (10.0.26100) 64bit Core' Language: 'en' Physical Memory: 15554 MB
BatchMode: 1, IsHumanControllingUs: 0, StartBugReporterOnCrash: 0, Is64bit: 1
Date: 2026-01-18T02:10:51Z

COMMAND LINE ARGUMENTS:
C:\Program Files\Unity\Hub\Editor\6000.3.3f1\Editor\Unity.exe
-adb2
-batchMode
-noUpm
-name
AssetImportWorker2
-projectPath
C:/Users/Helia/My project
-logFile
Logs/AssetImportWorker2.log
-srvPort
60040
-licensingIpc
LicenseClient-Helia
-job-worker-count
7
-background-job-worker-count
8
-gc-helper-count
1
-name
AssetImport
Successfully changed project path to: C:/Users/Helia/My project
C:/Users/Helia/My project
[UnityMemory] Configuration Parameters - Can be set up in boot.config
    "memorysetup-temp-allocator-size-nav-mesh-worker=65536"
    "memorysetup-temp-allocator-size-audio-worker=65536"
    "memorysetup-temp-allocator-size-gfx=262144"
    "memorysetup-allocator-temp-initial-block-size-main=262144"
    "memorysetup-allocator-temp-initial-block-size-worker=262144"
    "memorysetup-temp-allocator-size-background-worker=32768"
    "memorysetup-temp-allocator-size-job-worker=262144"
    "memorysetup-temp-allocator-size-preload-manager=33554432"
    "memorysetup-temp-allocator-size-gi-baking-worker=262144"
    "memorysetup-temp-allocator-size-gi-baking-worker=262144"
    "memorysetup-temp-allocator-size-gi-baking-worker=262144"
    "memorysetup-temp-allocator-size-gi-baking-worker=262144"
    "memorysetup-temp-allocator-size-gi-baking-worker=262144"
    "memorysetup-bucket-allocator-granularity=16"
    "memorysetup-bucket-allocator-bucket-count=8"
    "memorysetup-bucket-allocator-block-size=33554432"
    "memorysetup-bucket-allocator-block-count=8"
    "memorysetup-main-allocator-block-size=16777216"
    "memorysetup-thread-allocator-block-size=16777216"
    "memorysetup-gfx-main-allocator-block-size=16777216"
    "memorysetup-gfx-thread-allocator-block-size=16777216"
    "memorysetup-cache-allocator-block-size=4194304"
    "memorysetup-typetree-allocator-block-size=2097152"
    "memorysetup-profiler-bucket-allocator-granularity=16"
    "memorysetup-profiler-bucket-allocator-bucket-count=8"
    "memorysetup-profiler-bucket-allocator-block-size=33554432"
    "memorysetup-profiler-bucket-allocator-block-count=8"
    "memorysetup-profiler-allocator-block-size=16777216"
    "memorysetup-profiler-editor-allocator-block-size=1048576"
    "memorysetup-temp-allocator-size-main=16777216"
    "memorysetup-job-temp-allocator-block-size=2097152"
    "memorysetup-job-temp-allocator-block-size-background=1048576"
    "memorysetup-job-temp-allocator-reduction-small-platforms=262144"
    "memorysetup-temp-allocator-size-cloud-worker=32768"
Player connection [191676]  Target information:

Player connection [191676]  * "[IP] 10.116.49.164 [Port] 0 [Flags] 2 [Guid] 728209129 [EditorId] 728209129 [Version] 1048832 [Id] WindowsEditor(7,DESKTOP-C6VUT7O) [Debug] 1 [PackageName] WindowsEditor [ProjectName] Editor" 

Player connection [191676] Host joined multi-casting on [225.0.0.222:54997]...
Player connection [191676] Host joined alternative multi-casting on [225.0.0.222:34997]...
JobSystem: Creating JobQueue using job-worker-count value 7
Input System module state changed to: Initialized.
[Physics::Module] Initialized fallback backend.
[Physics::Module] Id: 0xdecafbad
Library Redirect Path: Library/
[Physics::Module] Selected backend.
[Physics::Module] Name: PhysX
[Physics::Module] Id: 0xf2b8ea05
[Physics::Module] SDK Version: 4.1.2
[Physics::Module] Integration Version: 1.0.0
[Physics::Module] Threading Mode: Multi-Threaded
Refreshing native plugins compatible for Editor in 8.13 ms, found 4 plugins.
Preloading 0 native plugins for Editor in 0.00 ms.
Initialize engine version: 6000.3.3f1 (ef04196de0d6)
[Subsystems] Discovering subsystems at path C:/Program Files/Unity/Hub/Editor/6000.3.3f1/Editor/Data/Resources/UnitySubsystems
[Subsystems] Discovering subsystems at path C:/Users/Helia/My project/Assets
GfxDevice: creating device client; kGfxThreadingModeNonThreaded
[Licensing::Client] Handshaking with LicensingClient:
  Version:                 1.17.4+4293ba1
  Session Id:              22d28ff4883643849fbd01bfc6cd2933
  Correlation Id:          b3c314cfe7c5a86e3d7097074cfd5adb
  External correlation Id: 2728291711654095734
  Machine Id:              qlOLYp4Vn1xdcRbUETIjbCWdszA=
[Licensing::Module] Successfully connected to LicensingClient on channel: "LicenseClient-Helia" (connect: 0.00s, validation: 0.00s, handshake: 1.22s)
[Licensing::IpcConnector] Successfully connected to: "LicenseClient-Helia-notifications" at "2026-01-18T02:10:52.9810632Z"
[Licensing::Module] Licensing Background thread has ended after 1.23s
Direct3D:
    Version:  Direct3D 11.0 [level 11.1]
    Renderer: NVIDIA GeForce RTX 4070 Laptop GPU (ID=0x2860)
    Vendor:   NVIDIA
    VRAM:     7948 MB
    Driver:   32.0.15.6624
Initialize mono
Mono path[0] = 'C:/Program Files/Unity/Hub/Editor/6000.3.3f1/Editor/Data/Managed'
Mono path[1] = 'C:/Program Files/Unity/Hub/Editor/6000.3.3f1/Editor/Data/MonoBleedingEdge/lib/mono/unityjit-win32'
Mono config path = 'C:/Program Files/Unity/Hub/Editor/6000.3.3f1/Editor/Data/MonoBleedingEdge/etc'
Using monoOptions --debugger-agent=transport=dt_socket,embedding=1,server=y,suspend=n,address=127.0.0.1:56576
Begin MonoManager ReloadAssembly
Registering precompiled unity dll's ...
Register platform support module: C:/Program Files/Unity/Hub/Editor/6000.3.3f1/Editor/Data/PlaybackEngines/WebGLSupport/UnityEditor.WebGL.Extensions.dll
Register platform support module: C:/Program Files/Unity/Hub/Editor/6000.3.3f1/Editor/Data/PlaybackEngines/WindowsStandaloneSupport/UnityEditor.WindowsStandalone.Extensions.dll
Registered in 0.387536 seconds.
- Loaded All Assemblies, in 14.984 seconds
Native extension for WindowsStandalone target not found
Native extension for WebGL target not found
Mono: successfully reloaded assembly
- Finished resetting the current domain, in  0.397 seconds
Domain Reload Profiling: 15378ms
	BeginReloadAssembly (13910ms)
		ExecutionOrderSort (0ms)
		DisableScriptedObjects (0ms)
		BackupInstance (0ms)
		ReleaseScriptingObjects (0ms)
		CreateAndSetChildDomain (1ms)
	RebuildCommonClasses (30ms)
	RebuildNativeTypeToScriptingClass (10ms)
	initialDomainReloadingComplete (438ms)
	LoadAllAssembliesAndSetupDomain (592ms)
		LoadAssemblies (13906ms)
		RebuildTransferFunctionScriptingTraits (0ms)
		AnalyzeDomain (588ms)
			TypeCache.Refresh (586ms)
				TypeCache.ScanAssembly (572ms)
			BuildScriptInfoCaches (0ms)
			ResolveRequiredComponents (0ms)
	FinalizeReload (397ms)
		ReleaseScriptCaches (0ms)
		RebuildScriptCaches (0ms)
		SetupLoadedEditorAssemblies (364ms)
			LogAssemblyErrors (0ms)
			InitializePlatformSupportModulesInManaged (46ms)
			SetLoadedEditorAssemblies (3ms)
			BeforeProcessingInitializeOnLoad (83ms)
			ProcessInitializeOnLoadAttributes (146ms)
			ProcessInitializeOnLoadMethodAttributes (86ms)
			AfterProcessingInitializeOnLoad (0ms)
			EditorAssembliesLoaded (0ms)
		ExecutionOrderSort2 (0ms)
		AwakeInstancesAfterBackupRestoration (0ms)
========================================================================
Worker process is ready to serve import requests
Import Worker Mode flag is 0x00
Begin MonoManager ReloadAssembly
[Licensing::Client] Successfully resolved entitlement details
[Licensing::Module] License group:
  Id: F4-G6DM-V238-JWT3-NHN5-XXXX
  Product: Unity Personal
  Type: ULF
  Expiration: Unlimited
[Licensing::Module] License group:
  Id: 9072338037352-UnityPersXXXX
  Product: Unity Personal
  Type: Assigned
  Expiration: Unlimited
- Loaded All Assemblies, in  8.011 seconds
Refreshing native plugins compatible for Editor in 1.87 ms, found 4 plugins.
Native extension for WindowsStandalone target not found
Native extension for WebGL target not found
Package Manager log level set to [2]
[Package Manager] Failed to launch server process. Reason: Unity was launched with the -noUpm command-line argument
[Package Manager] Unable to send message (not connected to server process).
[Package Manager] Cannot connect to Unity Package Manager local server
Mono: successfully reloaded assembly
- Finished resetting the current domain, in  2.265 seconds
Domain Reload Profiling: 10273ms
	BeginReloadAssembly (181ms)
		ExecutionOrderSort (0ms)
		DisableScriptedObjects (6ms)
		BackupInstance (0ms)
		ReleaseScriptingObjects (0ms)
		CreateAndSetChildDomain (45ms)
	RebuildCommonClasses (33ms)
	RebuildNativeTypeToScriptingClass (11ms)
	initialDomainReloadingComplete (31ms)
	LoadAllAssembliesAndSetupDomain (7752ms)
		LoadAssemblies (7546ms)
		RebuildTransferFunctionScriptingTraits (0ms)
		AnalyzeDomain (294ms)
			TypeCache.Refresh (219ms)
				TypeCache.ScanAssembly (199ms)
			BuildScriptInfoCaches (61ms)
			ResolveRequiredComponents (11ms)
	FinalizeReload (2266ms)
		ReleaseScriptCaches (0ms)
		RebuildScriptCaches (0ms)
		SetupLoadedEditorAssemblies (1563ms)
			LogAssemblyErrors (0ms)
			InitializePlatformSupportModulesInManaged (2ms)
			SetLoadedEditorAssemblies (4ms)
			BeforeProcessingInitializeOnLoad (198ms)
			ProcessInitializeOnLoadAttributes (535ms)
			ProcessInitializeOnLoadMethodAttributes (813ms)
			AfterProcessingInitializeOnLoad (11ms)
			EditorAssembliesLoaded (0ms)
		ExecutionOrderSort2 (0ms)
		AwakeInstancesAfterBackupRestoration (8ms)
Launched and connected shader compiler UnityShaderCompiler.exe after 0.03 seconds
Refreshing native plugins compatible for Editor in 5.26 ms, found 4 plugins.
Preloading 0 native plugins for Editor in 0.00 ms.
Unloading 16 Unused Serialized files (Serialized files now loaded: 0)
Unloading 6887 unused Assets / (4.2 MB). Loaded Objects now: 7726.
Memory consumption went from 172.1 MB to 167.8 MB.
Total: 12.491900 ms (FindLiveObjects: 1.363700 ms CreateObjectMapping: 1.055000 ms MarkObjects: 6.727900 ms  DeleteObjects: 3.343200 ms)

========================================================================
Received Prepare
Begin MonoManager ReloadAssembly
- Loaded All Assemblies, in  1.008 seconds
Refreshing native plugins compatible for Editor in 1.19 ms, found 4 plugins.
Native extension for WindowsStandalone target not found
Native extension for WebGL target not found
[Package Manager] Failed to launch server process. Reason: Unity was launched with the -noUpm command-line argument
[Package Manager] Unable to send message (not connected to server process).
[Package Manager] Cannot connect to Unity Package Manager local server
Mono: successfully reloaded assembly
- Finished resetting the current domain, in  0.867 seconds
Domain Reload Profiling: 1875ms
	BeginReloadAssembly (288ms)
		ExecutionOrderSort (0ms)
		DisableScriptedObjects (15ms)
		BackupInstance (0ms)
		ReleaseScriptingObjects (0ms)
		CreateAndSetChildDomain (70ms)
	RebuildCommonClasses (45ms)
	RebuildNativeTypeToScriptingClass (16ms)
	initialDomainReloadingComplete (37ms)
	LoadAllAssembliesAndSetupDomain (620ms)
		LoadAssemblies (557ms)
		RebuildTransferFunctionScriptingTraits (0ms)
		AnalyzeDomain (205ms)
			TypeCache.Refresh (8ms)
				TypeCache.ScanAssembly (0ms)
			BuildScriptInfoCaches (182ms)
			ResolveRequiredComponents (11ms)
	FinalizeReload (868ms)
		ReleaseScriptCaches (0ms)
		RebuildScriptCaches (0ms)
		SetupLoadedEditorAssemblies (678ms)
			LogAssemblyErrors (0ms)
			InitializePlatformSupportModulesInManaged (2ms)
			SetLoadedEditorAssemblies (7ms)
			BeforeProcessingInitializeOnLoad (199ms)
			ProcessInitializeOnLoadAttributes (382ms)
			ProcessInitializeOnLoadMethodAttributes (83ms)
			AfterProcessingInitializeOnLoad (4ms)
			EditorAssembliesLoaded (0ms)
		ExecutionOrderSort2 (0ms)
		AwakeInstancesAfterBackupRestoration (17ms)
Refreshing native plugins compatible for Editor in 1.59 ms, found 4 plugins.
Preloading 0 native plugins for Editor in 0.00 ms.
Unloading 16 Unused Serialized files (Serialized files now loaded: 0)
Unloading 6886 unused Assets / (3.9 MB). Loaded Objects now: 7730.
Memory consumption went from 172.6 MB to 168.7 MB.
Total: 10.734900 ms (FindLiveObjects: 1.182800 ms CreateObjectMapping: 0.707300 ms MarkObjects: 6.486800 ms  DeleteObjects: 2.356000 ms)

Prepare: number of updated asset objects reloaded= 0
========================================================================
Received Prepare
Begin MonoManager ReloadAssembly
- Loaded All Assemblies, in  0.727 seconds
Refreshing native plugins compatible for Editor in 1.18 ms, found 4 plugins.
Native extension for WindowsStandalone target not found
Native extension for WebGL target not found
[Package Manager] Failed to launch server process. Reason: Unity was launched with the -noUpm command-line argument
[Package Manager] Unable to send message (not connected to server process).
[Package Manager] Cannot connect to Unity Package Manager local server
Mono: successfully reloaded assembly
- Finished resetting the current domain, in  0.769 seconds
Domain Reload Profiling: 1495ms
	BeginReloadAssembly (210ms)
		ExecutionOrderSort (0ms)
		DisableScriptedObjects (11ms)
		BackupInstance (0ms)
		ReleaseScriptingObjects (0ms)
		CreateAndSetChildDomain (61ms)
	RebuildCommonClasses (36ms)
	RebuildNativeTypeToScriptingClass (13ms)
	initialDomainReloadingComplete (29ms)
	LoadAllAssembliesAndSetupDomain (438ms)
		LoadAssemblies (354ms)
		RebuildTransferFunctionScriptingTraits (0ms)
		AnalyzeDomain (170ms)
			TypeCache.Refresh (7ms)
				TypeCache.ScanAssembly (0ms)
			BuildScriptInfoCaches (150ms)
			ResolveRequiredComponents (10ms)
	FinalizeReload (769ms)
		ReleaseScriptCaches (0ms)
		RebuildScriptCaches (0ms)
		SetupLoadedEditorAssemblies (609ms)
			LogAssemblyErrors (0ms)
			InitializePlatformSupportModulesInManaged (2ms)
			SetLoadedEditorAssemblies (6ms)
			BeforeProcessingInitializeOnLoad (167ms)
			ProcessInitializeOnLoadAttributes (353ms)
			ProcessInitializeOnLoadMethodAttributes (76ms)
			AfterProcessingInitializeOnLoad (5ms)
			EditorAssembliesLoaded (0ms)
		ExecutionOrderSort2 (0ms)
		AwakeInstancesAfterBackupRestoration (18ms)
Refreshing native plugins compatible for Editor in 1.75 ms, found 4 plugins.
Preloading 0 native plugins for Editor in 0.00 ms.
Unloading 16 Unused Serialized files (Serialized files now loaded: 0)
Unloading 6886 unused Assets / (4.1 MB). Loaded Objects now: 7733.
Memory consumption went from 172.6 MB to 168.5 MB.
Total: 12.781300 ms (FindLiveObjects: 0.868100 ms CreateObjectMapping: 0.781700 ms MarkObjects: 7.832900 ms  DeleteObjects: 3.296900 ms)

Prepare: number of updated asset objects reloaded= 0
========================================================================
Received Prepare
Begin MonoManager ReloadAssembly
[Licensing::Client] Successfully resolved entitlement details
[Licensing::Module] License group:
  Id: F4-G6DM-V238-JWT3-NHN5-XXXX
  Product: Unity Personal
  Type: ULF
  Expiration: Unlimited
[Licensing::Module] License group:
  Id: 9072338037352-UnityPersXXXX
  Product: Unity Personal
  Type: Assigned
  Expiration: Unlimited
- Loaded All Assemblies, in  0.618 seconds
Refreshing native plugins compatible for Editor in 0.92 ms, found 4 plugins.
Native extension for WindowsStandalone target not found
Native extension for WebGL target not found
[Package Manager] Failed to launch server process. Reason: Unity was launched with the -noUpm command-line argument
[Package Manager] Unable to send message (not connected to server process).
[Package Manager] Cannot connect to Unity Package Manager local server
Mono: successfully reloaded assembly
- Finished resetting the current domain, in  0.637 seconds
Domain Reload Profiling: 1257ms
	BeginReloadAssembly (183ms)
		ExecutionOrderSort (0ms)
		DisableScriptedObjects (14ms)
		BackupInstance (0ms)
		ReleaseScriptingObjects (0ms)
		CreateAndSetChildDomain (49ms)
	RebuildCommonClasses (29ms)
	RebuildNativeTypeToScriptingClass (11ms)
	initialDomainReloadingComplete (22ms)
	LoadAllAssembliesAndSetupDomain (374ms)
		LoadAssemblies (286ms)
		RebuildTransferFunctionScriptingTraits (0ms)
		AnalyzeDomain (159ms)
			TypeCache.Refresh (5ms)
				TypeCache.ScanAssembly (0ms)
			BuildScriptInfoCaches (141ms)
			ResolveRequiredComponents (8ms)
	FinalizeReload (637ms)
		ReleaseScriptCaches (0ms)
		RebuildScriptCaches (0ms)
		SetupLoadedEditorAssemblies (509ms)
			LogAssemblyErrors (0ms)
			InitializePlatformSupportModulesInManaged (2ms)
			SetLoadedEditorAssemblies (6ms)
			BeforeProcessingInitializeOnLoad (146ms)
			ProcessInitializeOnLoadAttributes (288ms)
			ProcessInitializeOnLoadMethodAttributes (63ms)
			AfterProcessingInitializeOnLoad (4ms)
			EditorAssembliesLoaded (0ms)
		ExecutionOrderSort2 (0ms)
		AwakeInstancesAfterBackupRestoration (13ms)
Refreshing native plugins compatible for Editor in 1.50 ms, found 4 plugins.
Preloading 0 native plugins for Editor in 0.00 ms.
Unloading 16 Unused Serialized files (Serialized files now loaded: 0)
Unloading 6886 unused Assets / (4.5 MB). Loaded Objects now: 7736.
Memory consumption went from 174.6 MB to 170.0 MB.
Total: 13.112800 ms (FindLiveObjects: 1.181100 ms CreateObjectMapping: 1.030700 ms MarkObjects: 7.696800 ms  DeleteObjects: 3.202400 ms)

Prepare: number of updated asset objects reloaded= 0
========================================================================
Received Import Request.
  Time since last request: 230620.489889 seconds.
  path: Assets/ArcueidAnimController.controller
  artifactKey: Guid(95e0cfd9a4500dd40999f653f646ba59) Importer(815301076,1909f56bfc062723c751e8b465ee728b)
Start importing Assets/ArcueidAnimController.controller using Guid(95e0cfd9a4500dd40999f653f646ba59) Importer(815301076,1909f56bfc062723c751e8b465ee728b) (PreviewImporter) -> (artifact id: '9c59b3b101132b7f0cba1084b7d3e220') in 0.0530728 seconds
Number of updated asset objects reloaded before import = 0Number of asset objects unloaded after import = 13

========================================================================
Received Import Request.
  Time since last request: 78.537506 seconds.
  path: Assets/sprite_arcueid
  artifactKey: Guid(9115cb34cbe17406a9d635d26d4ca819) Importer(815301076,1909f56bfc062723c751e8b465ee728b)
Start importing Assets/sprite_arcueid using Guid(9115cb34cbe17406a9d635d26d4ca819) Importer(815301076,1909f56bfc062723c751e8b465ee728b) (PreviewImporter) -> (artifact id: '8cf5787409ce538c60765d0b9cdc8b5e') in 0.0009949 seconds
Number of updated asset objects reloaded before import = 0Number of asset objects unloaded after import = 0

========================================================================
Received Import Request.
  Time since last request: 0.238254 seconds.
  path: Assets/sprite_arcueid/arc0000.png
  artifactKey: Guid(bd3a9a03b165c4731b347e8448ab755d) Importer(815301076,1909f56bfc062723c751e8b465ee728b)
Start importing Assets/sprite_arcueid/arc0000.png using Guid(bd3a9a03b165c4731b347e8448ab755d) Importer(815301076,1909f56bfc062723c751e8b465ee728b) (PreviewImporter) -> (artifact id: '6ab5c978661d83e55b81d6538ab5df0f') in 0.0941863 seconds
Number of updated asset objects reloaded before import = 0Number of asset objects unloaded after import = 3

========================================================================
Received Import Request.
  Time since last request: 0.000034 seconds.
  path: Assets/sprite_arcueid/arc0016.png
  artifactKey: Guid(9462c45fae1c74f0eba53d01a2141d1b) Importer(815301076,1909f56bfc062723c751e8b465ee728b)
Start importing Assets/sprite_arcueid/arc0016.png using Guid(9462c45fae1c74f0eba53d01a2141d1b) Importer(815301076,1909f56bfc062723c751e8b465ee728b) (PreviewImporter) -> (artifact id: '6ddd98775358c7a5734fbebe2965746c') in 0.0240055 seconds
Number of updated asset objects reloaded before import = 0Number of asset objects unloaded after import = 3

========================================================================
Received Import Request.
  Time since last request: 0.000031 seconds.
  path: Assets/sprite_arcueid/arc0012.png
  artifactKey: Guid(e85a532f6c6c14a74b19107817b2559d) Importer(815301076,1909f56bfc062723c751e8b465ee728b)
Start importing Assets/sprite_arcueid/arc0012.png using Guid(e85a532f6c6c14a74b19107817b2559d) Importer(815301076,1909f56bfc062723c751e8b465ee728b) (PreviewImporter) -> (artifact id: '05d2087afe3b41091c3d71ad44186657') in 0.0232234 seconds
Number of updated asset objects reloaded before import = 0Number of asset objects unloaded after import = 3

========================================================================
Received Import Request.
  Time since last request: 0.000021 seconds.
  path: Assets/sprite_arcueid/arc0201.png
  artifactKey: Guid(df302b0defee84124b4bf26fb65e5e48) Importer(815301076,1909f56bfc062723c751e8b465ee728b)
Start importing Assets/sprite_arcueid/arc0201.png using Guid(df302b0defee84124b4bf26fb65e5e48) Importer(815301076,1909f56bfc062723c751e8b465ee728b) (PreviewImporter) -> (artifact id: 'c6bb2ab3f7f064cb777b8850253d9752') in 0.0242422 seconds
Number of updated asset objects reloaded before import = 0Number of asset objects unloaded after import = 3

========================================================================
Received Import Request.
  Time since last request: 0.000019 seconds.
  path: Assets/sprite_arcueid/arc0015.png
  artifactKey: Guid(46359385bd3f246569f633813799dd1a) Importer(815301076,1909f56bfc062723c751e8b465ee728b)
Start importing Assets/sprite_arcueid/arc0015.png using Guid(46359385bd3f246569f633813799dd1a) Importer(815301076,1909f56bfc062723c751e8b465ee728b) (PreviewImporter) -> (artifact id: 'd7ec74723587992b14fccf11288a490b') in 0.0234446 seconds
Number of updated asset objects reloaded before import = 0Number of asset objects unloaded after import = 3

========================================================================
Received Import Request.
  Time since last request: 0.000020 seconds.
  path: Assets/sprite_arcueid/arc0309.png
  artifactKey: Guid(cb67be37df1624ba4ad12c26048aeb0d) Importer(815301076,1909f56bfc062723c751e8b465ee728b)
Start importing Assets/sprite_arcueid/arc0309.png using Guid(cb67be37df1624ba4ad12c26048aeb0d) Importer(815301076,1909f56bfc062723c751e8b465ee728b) (PreviewImporter) -> (artifact id: '538a9b62caf0dc57827dc929c4470adb') in 0.0219974 seconds
Number of updated asset objects reloaded before import = 0Number of asset objects unloaded after import = 3

========================================================================
Received Import Request.
  Time since last request: 0.000018 seconds.
  path: Assets/sprite_arcueid/arc0211.png
  artifactKey: Guid(f6131cd0acfd04d27b960ae573c091f5) Importer(815301076,1909f56bfc062723c751e8b465ee728b)
Start importing Assets/sprite_arcueid/arc0211.png using Guid(f6131cd0acfd04d27b960ae573c091f5) Importer(815301076,1909f56bfc062723c751e8b465ee728b) (PreviewImporter) -> (artifact id: 'ba9762b9016e243371a054b7c45a7e50') in 0.0234658 seconds
Number of updated asset objects reloaded before import = 0Number of asset objects unloaded after import = 3

========================================================================
Received Import Request.
  Time since last request: 0.000022 seconds.
  path: Assets/sprite_arcueid/arc0313.png
  artifactKey: Guid(c62fb61d7604a4df9be31f083914ea02) Importer(815301076,1909f56bfc062723c751e8b465ee728b)
Start importing Assets/sprite_arcueid/arc0313.png using Guid(c62fb61d7604a4df9be31f083914ea02) Importer(815301076,1909f56bfc062723c751e8b465ee728b) (PreviewImporter) -> (artifact id: 'cd9c51e31c030733fd53d31da751ae32') in 0.0203516 seconds
Number of updated asset objects reloaded before import = 0Number of asset objects unloaded after import = 3

========================================================================
Received Import Request.
  Time since last request: 0.000034 seconds.
  path: Assets/sprite_arcueid/arc0105.png
  artifactKey: Guid(96b4dfe4a7dcc43f48955614500f15d8) Importer(815301076,1909f56bfc062723c751e8b465ee728b)
Start importing Assets/sprite_arcueid/arc0105.png using Guid(96b4dfe4a7dcc43f48955614500f15d8) Importer(815301076,1909f56bfc062723c751e8b465ee728b) (PreviewImporter) -> (artifact id: 'b74bdef1d501af1c016e0bde13902a07') in 0.0234662 seconds
Number of updated asset objects reloaded before import = 0Number of asset objects unloaded after import = 3

========================================================================
Received Import Request.
  Time since last request: 0.000015 seconds.
  path: Assets/sprite_arcueid/arc0217.png
  artifactKey: Guid(df9a1d1a9a8f04800b702e70a5ef855d) Importer(815301076,1909f56bfc062723c751e8b465ee728b)
Start importing Assets/sprite_arcueid/arc0217.png using Guid(df9a1d1a9a8f04800b702e70a5ef855d) Importer(815301076,1909f56bfc062723c751e8b465ee728b) (PreviewImporter) -> (artifact id: '75d4b536b118ce2becce3ae8f8104f9a') in 0.0217937 seconds
Number of updated asset objects reloaded before import = 0Number of asset objects unloaded after import = 3

========================================================================
Received Import Request.
  Time since last request: 0.000020 seconds.
  path: Assets/sprite_arcueid/arc0304.png
  artifactKey: Guid(dc815b4c3c9284667aebda7080aa1b84) Importer(815301076,1909f56bfc062723c751e8b465ee728b)
Start importing Assets/sprite_arcueid/arc0304.png using Guid(dc815b4c3c9284667aebda7080aa1b84) Importer(815301076,1909f56bfc062723c751e8b465ee728b) (PreviewImporter) -> (artifact id: '67b1ec5e27a0e11e79e6416c8e88592e') in 0.0254591 seconds
Number of updated asset objects reloaded before import = 0Number of asset objects unloaded after import = 3

========================================================================
Received Import Request.
  Time since last request: 0.000027 seconds.
  path: Assets/sprite_arcueid/arc0005.png
  artifactKey: Guid(57a274e1a4a864614b68e179513a5ddf) Importer(815301076,1909f56bfc062723c751e8b465ee728b)
Start importing Assets/sprite_arcueid/arc0005.png using Guid(57a274e1a4a864614b68e179513a5ddf) Importer(815301076,1909f56bfc062723c751e8b465ee728b) (PreviewImporter) -> (artifact id: '29347bdd0638768f8d918b255a6cb2ad') in 0.0242319 seconds
Number of updated asset objects reloaded before import = 0Number of asset objects unloaded after import = 3

========================================================================
Received Import Request.
  Time since last request: 0.000020 seconds.
  path: Assets/sprite_arcueid/arc0022.png
  artifactKey: Guid(735feb94180b647a8aec95ceccd46e7a) Importer(815301076,1909f56bfc062723c751e8b465ee728b)
Start importing Assets/sprite_arcueid/arc0022.png using Guid(735feb94180b647a8aec95ceccd46e7a) Importer(815301076,1909f56bfc062723c751e8b465ee728b) (PreviewImporter) -> (artifact id: 'c0ef34ccc7671152a23eca2fd21ec771') in 0.0230624 seconds
Number of updated asset objects reloaded before import = 0Number of asset objects unloaded after import = 3

========================================================================
Received Import Request.
  Time since last request: 0.000037 seconds.
  path: Assets/sprite_arcueid/arc0004.png
  artifactKey: Guid(ce2dd0982cad24e5ebe96bacea81b8ab) Importer(815301076,1909f56bfc062723c751e8b465ee728b)
Start importing Assets/sprite_arcueid/arc0004.png using Guid(ce2dd0982cad24e5ebe96bacea81b8ab) Importer(815301076,1909f56bfc062723c751e8b465ee728b) (PreviewImporter) -> (artifact id: '3344f45ff3714be5a895427b5a123f45') in 0.0246093 seconds
Number of updated asset objects reloaded before import = 0Number of asset objects unloaded after import = 3

========================================================================
Received Import Request.
  Time since last request: 0.000022 seconds.
  path: Assets/sprite_arcueid/arc0216.png
  artifactKey: Guid(5840e7ed9267b44f6b24bc87ba2a9eb2) Importer(815301076,1909f56bfc062723c751e8b465ee728b)
Start importing Assets/sprite_arcueid/arc0216.png using Guid(5840e7ed9267b44f6b24bc87ba2a9eb2) Importer(815301076,1909f56bfc062723c751e8b465ee728b) (PreviewImporter) -> (artifact id: 'fd75772d484c86be921d0062461385bb') in 0.0242163 seconds
Number of updated asset objects reloaded before import = 0Number of asset objects unloaded after import = 3

========================================================================
Received Import Request.
  Time since last request: 0.000021 seconds.
  path: Assets/sprite_arcueid/arc0331.png
  artifactKey: Guid(d2e8ef58278fd46c69a840986ff892be) Importer(815301076,1909f56bfc062723c751e8b465ee728b)
Start importing Assets/sprite_arcueid/arc0331.png using Guid(d2e8ef58278fd46c69a840986ff892be) Importer(815301076,1909f56bfc062723c751e8b465ee728b) (PreviewImporter) -> (artifact id: 'd5654bff6c60d93a8655a95ce1c1d597') in 0.0240163 seconds
Number of updated asset objects reloaded before import = 0Number of asset objects unloaded after import = 3

========================================================================
Received Import Request.
  Time since last request: 0.000021 seconds.
  path: Assets/sprite_arcueid/arc0307.png
  artifactKey: Guid(870dc4ecdf206460589ca7369381861d) Importer(815301076,1909f56bfc062723c751e8b465ee728b)
Start importing Assets/sprite_arcueid/arc0307.png using Guid(870dc4ecdf206460589ca7369381861d) Importer(815301076,1909f56bfc062723c751e8b465ee728b) (PreviewImporter) -> (artifact id: '465584d13e528b3b85a2acb3ed454576') in 0.0242741 seconds
Number of updated asset objects reloaded before import = 0Number of asset objects unloaded after import = 3

========================================================================
Received Import Request.
  Time since last request: 0.000028 seconds.
  path: Assets/sprite_arcueid/arc0312.png
  artifactKey: Guid(8da734ef8e52447969e426e73140a2c6) Importer(815301076,1909f56bfc062723c751e8b465ee728b)
Start importing Assets/sprite_arcueid/arc0312.png using Guid(8da734ef8e52447969e426e73140a2c6) Importer(815301076,1909f56bfc062723c751e8b465ee728b) (PreviewImporter) -> (artifact id: '7a4a2984eb1bf7cc8b8223ab284d32eb') in 0.0259812 seconds
Number of updated asset objects reloaded before import = 0Number of asset objects unloaded after import = 3

========================================================================
Received Import Request.
  Time since last request: 0.000031 seconds.
  path: Assets/sprite_arcueid/arc0214.png
  artifactKey: Guid(ba6627dca4d7048cdb23b99f307b3518) Importer(815301076,1909f56bfc062723c751e8b465ee728b)
Start importing Assets/sprite_arcueid/arc0214.png using Guid(ba6627dca4d7048cdb23b99f307b3518) Importer(815301076,1909f56bfc062723c751e8b465ee728b) (PreviewImporter) -> (artifact id: '4bf83396aa2db1ec5a40e78aef51836b') in 0.0258943 seconds
Number of updated asset objects reloaded before import = 0Number of asset objects unloaded after import = 3

========================================================================
Received Import Request.
  Time since last request: 0.000031 seconds.
  path: Assets/sprite_arcueid/arc0020.png
  artifactKey: Guid(c3cea2ac662b34743a42ec1cecc30828) Importer(815301076,1909f56bfc062723c751e8b465ee728b)
Start importing Assets/sprite_arcueid/arc0020.png using Guid(c3cea2ac662b34743a42ec1cecc30828) Importer(815301076,1909f56bfc062723c751e8b465ee728b) (PreviewImporter) -> (artifact id: 'd8120d52a6d454c37de942ddff405302') in 0.0275881 seconds
Number of updated asset objects reloaded before import = 0Number of asset objects unloaded after import = 3

========================================================================
Received Import Request.
  Time since last request: 0.000024 seconds.
  path: Assets/sprite_arcueid/arc0102.png
  artifactKey: Guid(cecc7c1ab9add4c9c99900996aeab0f1) Importer(815301076,1909f56bfc062723c751e8b465ee728b)
Start importing Assets/sprite_arcueid/arc0102.png using Guid(cecc7c1ab9add4c9c99900996aeab0f1) Importer(815301076,1909f56bfc062723c751e8b465ee728b) (PreviewImporter) -> (artifact id: '328f6be0920d61cce6d55a88fb91252c') in 0.0259896 seconds
Number of updated asset objects reloaded before import = 0Number of asset objects unloaded after import = 3

========================================================================
Received Import Request.
  Time since last request: 0.000030 seconds.
  path: Assets/sprite_arcueid/arc0305.png
  artifactKey: Guid(5673dcf23400c45d6a2da32ba4cf65bc) Importer(815301076,1909f56bfc062723c751e8b465ee728b)
Start importing Assets/sprite_arcueid/arc0305.png using Guid(5673dcf23400c45d6a2da32ba4cf65bc) Importer(815301076,1909f56bfc062723c751e8b465ee728b) (PreviewImporter) -> (artifact id: 'c96d830c13d05c01bdad83f27709d6c7') in 0.0256228 seconds
Number of updated asset objects reloaded before import = 0Number of asset objects unloaded after import = 3

========================================================================
Received Import Request.
  Time since last request: 0.000021 seconds.
  path: Assets/sprite_arcueid/arc0218.png
  artifactKey: Guid(59ae63d566992499782fe371e9b3d4ca) Importer(815301076,1909f56bfc062723c751e8b465ee728b)
Start importing Assets/sprite_arcueid/arc0218.png using Guid(59ae63d566992499782fe371e9b3d4ca) Importer(815301076,1909f56bfc062723c751e8b465ee728b) (PreviewImporter) -> (artifact id: 'd76a8193cfb91bce72a991593c5dfa0e') in 0.023022 seconds
Number of updated asset objects reloaded before import = 0Number of asset objects unloaded after import = 3

========================================================================
Received Import Request.
  Time since last request: 0.000031 seconds.
  path: Assets/sprite_arcueid/arc0335.png
  artifactKey: Guid(e1d54c6b946e945aeb0d632a50098bbc) Importer(815301076,1909f56bfc062723c751e8b465ee728b)
Start importing Assets/sprite_arcueid/arc0335.png using Guid(e1d54c6b946e945aeb0d632a50098bbc) Importer(815301076,1909f56bfc062723c751e8b465ee728b) (PreviewImporter) -> (artifact id: 'd531c52b2f8d61f8ec8be7a55d04e662') in 0.0224844 seconds
Number of updated asset objects reloaded before import = 0Number of asset objects unloaded after import = 3

========================================================================
Received Import Request.
  Time since last request: 0.000022 seconds.
  path: Assets/sprite_arcueid/arc0103.png
  artifactKey: Guid(c73004bfe12d44904ac257f14e7a26b2) Importer(815301076,1909f56bfc062723c751e8b465ee728b)
Start importing Assets/sprite_arcueid/arc0103.png using Guid(c73004bfe12d44904ac257f14e7a26b2) Importer(815301076,1909f56bfc062723c751e8b465ee728b) (PreviewImporter) -> (artifact id: 'e2d563266ccbb94d1734484afebdd2a6') in 0.0256911 seconds
Number of updated asset objects reloaded before import = 0Number of asset objects unloaded after import = 3

========================================================================
Received Import Request.
  Time since last request: 0.000021 seconds.
  path: Assets/sprite_arcueid/arc0019.png
  artifactKey: Guid(356f0cd413fba43fda2c88816c77229c) Importer(815301076,1909f56bfc062723c751e8b465ee728b)
Start importing Assets/sprite_arcueid/arc0019.png using Guid(356f0cd413fba43fda2c88816c77229c) Importer(815301076,1909f56bfc062723c751e8b465ee728b) (PreviewImporter) -> (artifact id: 'fc56380e9241b1703cb60bf55b97e06e') in 0.0249681 seconds
Number of updated asset objects reloaded before import = 0Number of asset objects unloaded after import = 3

========================================================================
Received Import Request.
  Time since last request: 0.000024 seconds.
  path: Assets/sprite_arcueid/arc0021.png
  artifactKey: Guid(e075c6af37ac445b0945f50d224afdb0) Importer(815301076,1909f56bfc062723c751e8b465ee728b)
Start importing Assets/sprite_arcueid/arc0021.png using Guid(e075c6af37ac445b0945f50d224afdb0) Importer(815301076,1909f56bfc062723c751e8b465ee728b) (PreviewImporter) -> (artifact id: '783977754492e0165b2692970a6fa8e9') in 0.0273728 seconds
Number of updated asset objects reloaded before import = 0Number of asset objects unloaded after import = 3

========================================================================
Received Import Request.
  Time since last request: 0.000024 seconds.
  path: Assets/sprite_arcueid/arc0104.png
  artifactKey: Guid(c11cb78cf6cf149cd9589a8d5be2cadb) Importer(815301076,1909f56bfc062723c751e8b465ee728b)
Start importing Assets/sprite_arcueid/arc0104.png using Guid(c11cb78cf6cf149cd9589a8d5be2cadb) Importer(815301076,1909f56bfc062723c751e8b465ee728b) (PreviewImporter) -> (artifact id: 'e6156508f8bcce082772ad783eb28df1') in 0.0242984 seconds
Number of updated asset objects reloaded before import = 0Number of asset objects unloaded after import = 3

========================================================================
Received Import Request.
  Time since last request: 0.000034 seconds.
  path: Assets/sprite_arcueid/arc0010.png
  artifactKey: Guid(867a77d74408042b6b80310e78f727e7) Importer(815301076,1909f56bfc062723c751e8b465ee728b)
Start importing Assets/sprite_arcueid/arc0010.png using Guid(867a77d74408042b6b80310e78f727e7) Importer(815301076,1909f56bfc062723c751e8b465ee728b) (PreviewImporter) -> (artifact id: '9f6bb87c06b44c3f01d4b508e5589cf2') in 0.0244997 seconds
Number of updated asset objects reloaded before import = 0Number of asset objects unloaded after import = 3

========================================================================
Received Import Request.
  Time since last request: 0.000023 seconds.
  path: Assets/sprite_arcueid/arc0017.png
  artifactKey: Guid(f5ab5ea1876c94d4b9fa3807d424d402) Importer(815301076,1909f56bfc062723c751e8b465ee728b)
Start importing Assets/sprite_arcueid/arc0017.png using Guid(f5ab5ea1876c94d4b9fa3807d424d402) Importer(815301076,1909f56bfc062723c751e8b465ee728b) (PreviewImporter) -> (artifact id: '63a24244d171bd6ae25870f78e282ac4') in 0.0214619 seconds
Number of updated asset objects reloaded before import = 0Number of asset objects unloaded after import = 3

========================================================================
Received Import Request.
  Time since last request: 0.000019 seconds.
  path: Assets/sprite_arcueid/arc0011.png
  artifactKey: Guid(f6fe5133aac43438da2e673d030b7a27) Importer(815301076,1909f56bfc062723c751e8b465ee728b)
Start importing Assets/sprite_arcueid/arc0011.png using Guid(f6fe5133aac43438da2e673d030b7a27) Importer(815301076,1909f56bfc062723c751e8b465ee728b) (PreviewImporter) -> (artifact id: '91620d987d4c1d932d24543109960452') in 0.0204483 seconds
Number of updated asset objects reloaded before import = 0Number of asset objects unloaded after import = 3

========================================================================
Received Import Request.
  Time since last request: 0.000025 seconds.
  path: Assets/sprite_arcueid/arc0202.png
  artifactKey: Guid(c5ab1b6ba05a14d9c81e8269884e5edc) Importer(815301076,1909f56bfc062723c751e8b465ee728b)
Start importing Assets/sprite_arcueid/arc0202.png using Guid(c5ab1b6ba05a14d9c81e8269884e5edc) Importer(815301076,1909f56bfc062723c751e8b465ee728b) (PreviewImporter) -> (artifact id: '004067436023b637d5e358e7d23d967d') in 0.0243881 seconds
Number of updated asset objects reloaded before import = 0Number of asset objects unloaded after import = 3

========================================================================
Received Import Request.
  Time since last request: 0.000025 seconds.
  path: Assets/sprite_arcueid/arc0310.png
  artifactKey: Guid(44f62042f6e554505933bff21d151ca5) Importer(815301076,1909f56bfc062723c751e8b465ee728b)
Start importing Assets/sprite_arcueid/arc0310.png using Guid(44f62042f6e554505933bff21d151ca5) Importer(815301076,1909f56bfc062723c751e8b465ee728b) (PreviewImporter) -> (artifact id: '891ff21510ee2b4ad46f7ed0f330f95a') in 0.0370369 seconds
Number of updated asset objects reloaded before import = 0Number of asset objects unloaded after import = 3

========================================================================
Received Import Request.
  Time since last request: 0.000024 seconds.
  path: Assets/sprite_arcueid/arc0023.png
  artifactKey: Guid(ef6c1571718d1426ca6bbfdbb6db9340) Importer(815301076,1909f56bfc062723c751e8b465ee728b)
Start importing Assets/sprite_arcueid/arc0023.png using Guid(ef6c1571718d1426ca6bbfdbb6db9340) Importer(815301076,1909f56bfc062723c751e8b465ee728b) (PreviewImporter) -> (artifact id: 'e9b9f6ec2a9434f1d7352c7f94114386') in 0.0212429 seconds
Number of updated asset objects reloaded before import = 0Number of asset objects unloaded after import = 3

========================================================================
Received Import Request.
  Time since last request: 0.000022 seconds.
  path: Assets/sprite_arcueid/arc0203.png
  artifactKey: Guid(65a6a7fbf5bf34c24897b6345ac04725) Importer(815301076,1909f56bfc062723c751e8b465ee728b)
Start importing Assets/sprite_arcueid/arc0203.png using Guid(65a6a7fbf5bf34c24897b6345ac04725) Importer(815301076,1909f56bfc062723c751e8b465ee728b) (PreviewImporter) -> (artifact id: '9c2f3186e1df083f9b81acf89fc05d50') in 0.0459161 seconds
Number of updated asset objects reloaded before import = 0Number of asset objects unloaded after import = 3

========================================================================
Received Import Request.
  Time since last request: 0.000018 seconds.
  path: Assets/sprite_arcueid/arc0301.png
  artifactKey: Guid(d707cac96f4ba40479b82d8707c98b1b) Importer(815301076,1909f56bfc062723c751e8b465ee728b)
Start importing Assets/sprite_arcueid/arc0301.png using Guid(d707cac96f4ba40479b82d8707c98b1b) Importer(815301076,1909f56bfc062723c751e8b465ee728b) (PreviewImporter) -> (artifact id: '219a5c77d1582f15fb5328faa0156de4') in 0.0279954 seconds
Number of updated asset objects reloaded before import = 0Number of asset objects unloaded after import = 3

========================================================================
Received Import Request.
  Time since last request: 0.000027 seconds.
  path: Assets/sprite_arcueid/arc0002.png
  artifactKey: Guid(6a82a1cb4ccb949129afb2b92f0fa41d) Importer(815301076,1909f56bfc062723c751e8b465ee728b)
Start importing Assets/sprite_arcueid/arc0002.png using Guid(6a82a1cb4ccb949129afb2b92f0fa41d) Importer(815301076,1909f56bfc062723c751e8b465ee728b) (PreviewImporter) -> (artifact id: 'a79827d8c40a3c793d134c12eebfde30') in 0.0485307 seconds
Number of updated asset objects reloaded before import = 0Number of asset objects unloaded after import = 3

========================================================================
Received Import Request.
  Time since last request: 0.000017 seconds.
  path: Assets/sprite_arcueid/arc0300.png
  artifactKey: Guid(5ea52bf96914048b5ba23717e4339e8c) Importer(815301076,1909f56bfc062723c751e8b465ee728b)
Start importing Assets/sprite_arcueid/arc0300.png using Guid(5ea52bf96914048b5ba23717e4339e8c) Importer(815301076,1909f56bfc062723c751e8b465ee728b) (PreviewImporter) -> (artifact id: 'de50da28817225d6757256bd178d5f79') in 0.0259015 seconds
Number of updated asset objects reloaded before import = 0Number of asset objects unloaded after import = 3

========================================================================
Received Import Request.
  Time since last request: 0.000028 seconds.
  path: Assets/sprite_arcueid/arc0210.png
  artifactKey: Guid(ccff5a194b3e34588bfb875ef98d942a) Importer(815301076,1909f56bfc062723c751e8b465ee728b)
Start importing Assets/sprite_arcueid/arc0210.png using Guid(ccff5a194b3e34588bfb875ef98d942a) Importer(815301076,1909f56bfc062723c751e8b465ee728b) (PreviewImporter) -> (artifact id: 'e66589c68ec08b5a53f7b20cb330c42b') in 0.0232046 seconds
Number of updated asset objects reloaded before import = 0Number of asset objects unloaded after import = 3

========================================================================
Received Import Request.
  Time since last request: 0.000022 seconds.
  path: Assets/sprite_arcueid/arc0219.png
  artifactKey: Guid(aee6974f39d5641ffb4529bcefadec92) Importer(815301076,1909f56bfc062723c751e8b465ee728b)
Start importing Assets/sprite_arcueid/arc0219.png using Guid(aee6974f39d5641ffb4529bcefadec92) Importer(815301076,1909f56bfc062723c751e8b465ee728b) (PreviewImporter) -> (artifact id: '57a5fff9cf9f80ea83b9dabedb631ff6') in 0.0203325 seconds
Number of updated asset objects reloaded before import = 0Number of asset objects unloaded after import = 3

Editor requested this worker to shutdown with reason: Scaling down because of idle timeout
AssetImportWorker is now disconnected from the server
Process exiting
Exiting without the bug reporter. Application will terminate with return code 0