Unity Editor version:    6000.3.3f1 (ef04196de0d6)
Branch:                  6000.3/staging
Build type:              Release
Batch mode:              YES
macOS version:           Version 15.6 (Build 24G84)
Darwin version:          24.6.0
Architecture:            arm64
Running under Rosetta:   NO
Available memory:        16384 MB
Date:                    2026-01-16T19:10:41Z
[Licensing::Module] Trying to connect to existing licensing client channel...
[Licensing::IpcConnector] Successfully connected to: "LicenseClient-aryan" at "2026-01-16T19:10:41.464118Z"

COMMAND LINE ARGUMENTS:
/Applications/Unity/Hub/Editor/6000.3.3f1/Unity.app/Contents/MacOS/Unity
-adb2
-batchMode
-noUpm
-name
AssetImportWorker9
-projectPath
/Users/aryan/Delivery/Tek2/Perso/jamfgc
-logFile
Logs/AssetImportWorker9.log
-srvPort
64127
-licensingIpc
LicenseClient-aryan
-job-worker-count
4
-background-job-worker-count
8
-gc-helper-count
1
-name AssetImport
Successfully changed project path to: /Users/aryan/Delivery/Tek2/Perso/jamfgc
/Users/aryan/Delivery/Tek2/Perso/jamfgc
[UnityMemory] Configuration Parameters - Can be set up in boot.config
    "memorysetup-allocator-temp-initial-block-size-main=262144"
    "memorysetup-allocator-temp-initial-block-size-worker=262144"
    "memorysetup-temp-allocator-size-background-worker=32768"
    "memorysetup-temp-allocator-size-job-worker=262144"
    "memorysetup-temp-allocator-size-preload-manager=33554432"
    "memorysetup-temp-allocator-size-nav-mesh-worker=65536"
    "memorysetup-temp-allocator-size-audio-worker=65536"
    "memorysetup-temp-allocator-size-cloud-worker=32768"
    "memorysetup-bucket-allocator-granularity=16"
    "memorysetup-bucket-allocator-bucket-count=8"
    "memorysetup-bucket-allocator-block-size=33554432"
    "memorysetup-bucket-allocator-block-count=8"
    "memorysetup-main-allocator-block-size=16777216"
    "memorysetup-thread-allocator-block-size=16777216"
    "memorysetup-gfx-main-allocator-block-size=16777216"
    "memorysetup-gfx-thread-allocator-block-size=16777216"
    "memorysetup-cache-allocator-block-size=4194304"
    "memorysetup-typetree-allocator-block-size=2097152"
    "memorysetup-profiler-bucket-allocator-granularity=16"
    "memorysetup-profiler-bucket-allocator-bucket-count=8"
    "memorysetup-profiler-bucket-allocator-block-size=33554432"
    "memorysetup-profiler-bucket-allocator-block-count=8"
    "memorysetup-profiler-allocator-block-size=16777216"
    "memorysetup-profiler-editor-allocator-block-size=1048576"
    "memorysetup-temp-allocator-size-main=16777216"
    "memorysetup-job-temp-allocator-block-size=2097152"
    "memorysetup-job-temp-allocator-block-size-background=1048576"
    "memorysetup-job-temp-allocator-reduction-small-platforms=262144"
    "memorysetup-temp-allocator-size-gi-baking-worker=262144"
    "memorysetup-temp-allocator-size-gi-baking-worker=262144"
    "memorysetup-temp-allocator-size-gi-baking-worker=262144"
    "memorysetup-temp-allocator-size-gi-baking-worker=262144"
    "memorysetup-temp-allocator-size-gi-baking-worker=262144"
    "memorysetup-temp-allocator-size-gfx=262144"
Player connection [8774574272]  Target information:

Player connection [8774574272]  * "[IP] 10.73.187.39 [Port] 0 [Flags] 2 [Guid] 374956387 [EditorId] 374956387 [Version] 1048832 [Id] OSXEditor(0,MacBook-Air-de-Aryan.local) [Debug] 1 [PackageName] OSXEditor [ProjectName] Editor" 

Player connection [8774574272] Host joined multi-casting on [225.0.0.222:54997]...
Player connection [8774574272] Host joined alternative multi-casting on [225.0.0.222:34997]...
JobSystem: Creating JobQueue using job-worker-count value 4
Input System module state changed to: Initialized.
[Physics::Module] Initialized fallback backend.
[Physics::Module] Id: 0xdecafbad
Library Redirect Path: Library/
[Physics::Module] Selected backend.
[Physics::Module] Name: PhysX
[Physics::Module] Id: 0xf2b8ea05
[Physics::Module] SDK Version: 4.1.2
[Physics::Module] Integration Version: 1.0.0
[Physics::Module] Threading Mode: Multi-Threaded
Refreshing native plugins compatible for Editor in 6.00 ms, found 2 plugins.
Preloading 0 native plugins for Editor in 0.00 ms.
Initialize engine version: 6000.3.3f1 (ef04196de0d6)
[Subsystems] Discovering subsystems at path /Applications/Unity/Hub/Editor/6000.3.3f1/Unity.app/Contents/Resources/UnitySubsystems
[Subsystems] Discovering subsystems at path /Users/aryan/Delivery/Tek2/Perso/jamfgc/Assets
GfxDevice: creating device client; kGfxThreadingModeNonThreaded
 preferred device: Apple M4 (high power)
Metal devices available: 1
0: Apple M4 (high power)
Using device Apple M4 (high power)
Initializing Metal device caps: Apple M4
Mac GPU Family: 2
Apple GPU Family: 9
MSL Version: 3.0
Has Float MSAA: 1
Has Float Filtering: 1
ReadWrite Texture Tier: 2
Initialize mono
Mono path[0] = '/Applications/Unity/Hub/Editor/6000.3.3f1/Unity.app/Contents/Resources/Scripting/Managed'
Mono path[1] = '/Applications/Unity/Hub/Editor/6000.3.3f1/Unity.app/Contents/Resources/Scripting/MonoBleedingEdge/lib/mono/unityjit-macos'
Mono config path = '/Applications/Unity/Hub/Editor/6000.3.3f1/Unity.app/Contents/Resources/Scripting/MonoBleedingEdge/etc'
Using monoOptions --debugger-agent=transport=dt_socket,embedding=1,server=y,suspend=n,address=127.0.0.1:56787
Begin MonoManager ReloadAssembly
[Licensing::Client] Handshaking with LicensingClient:
  Version:                 1.17.4+4293ba1
  Session Id:              532f12e2e8df42dfba2fadb5424cc0ad
  Correlation Id:          2ca3655951523d2f4d5623fdddc6f05e
  External correlation Id: 9214583822718228342
  Machine Id:              u37oKcjfOtQKUgW8iZHfUJpkHZc=
[Licensing::Module] Successfully connected to LicensingClient on channel: "LicenseClient-aryan" (connect: 0.00s, validation: 0.00s, handshake: 0.60s)
[Licensing::IpcConnector] Successfully connected to: "LicenseClient-aryan-notifications" at "2026-01-16T19:10:42.061824Z"
[Licensing::Module] Licensing Background thread has ended after 0.60s
Registering precompiled unity dll's ...
Register platform support module: /Applications/Unity/Hub/Editor/6000.3.3f1/PlaybackEngines/WebGLSupport/UnityEditor.WebGL.Extensions.dll
Register platform support module: /Applications/Unity/Hub/Editor/6000.3.3f1/Unity.app/Contents/PlaybackEngines/MacStandaloneSupport/UnityEditor.OSXStandalone.Extensions.dll
Registered in 0.000971 seconds.
- Loaded All Assemblies, in  0.271 seconds
Native extension for OSXStandalone target not found
Native extension for WebGL target not found
Mono: successfully reloaded assembly
- Finished resetting the current domain, in  0.238 seconds
Domain Reload Profiling: 510ms
	BeginReloadAssembly (115ms)
		ExecutionOrderSort (0ms)
		DisableScriptedObjects (0ms)
		BackupInstance (0ms)
		ReleaseScriptingObjects (0ms)
		CreateAndSetChildDomain (0ms)
	RebuildCommonClasses (21ms)
	RebuildNativeTypeToScriptingClass (7ms)
	initialDomainReloadingComplete (25ms)
	LoadAllAssembliesAndSetupDomain (104ms)
		LoadAssemblies (115ms)
		RebuildTransferFunctionScriptingTraits (0ms)
		AnalyzeDomain (102ms)
			TypeCache.Refresh (101ms)
				TypeCache.ScanAssembly (91ms)
			BuildScriptInfoCaches (0ms)
			ResolveRequiredComponents (0ms)
	FinalizeReload (238ms)
		ReleaseScriptCaches (0ms)
		RebuildScriptCaches (0ms)
		SetupLoadedEditorAssemblies (211ms)
			LogAssemblyErrors (0ms)
			InitializePlatformSupportModulesInManaged (27ms)
			SetLoadedEditorAssemblies (2ms)
			BeforeProcessingInitializeOnLoad (49ms)
			ProcessInitializeOnLoadAttributes (78ms)
			ProcessInitializeOnLoadMethodAttributes (54ms)
			AfterProcessingInitializeOnLoad (0ms)
			EditorAssembliesLoaded (0ms)
		ExecutionOrderSort2 (0ms)
		AwakeInstancesAfterBackupRestoration (0ms)
[CoreBusinessMetrics] Unexpected thread when updating session info.
========================================================================
Worker process is ready to serve import requests
Import Worker Mode flag is 0x00
Begin MonoManager ReloadAssembly
[Licensing::Client] Successfully resolved entitlement details
[Licensing::Module] License group:
  Id: 20066624557717-UnityPersXXXX
  Product: Unity Personal
  Type: Assigned
  Expiration: Unlimited
- Loaded All Assemblies, in  0.448 seconds
Refreshing native plugins compatible for Editor in 0.30 ms, found 2 plugins.
Native extension for OSXStandalone target not found
Native extension for WebGL target not found
Package Manager log level set to [2]
[Package Manager] Failed to launch server process. Reason: Unity was launched with the -noUpm command-line argument
[Package Manager] Unable to send message (not connected to server process).
[Package Manager] Cannot connect to Unity Package Manager local server
Mono: successfully reloaded assembly
- Finished resetting the current domain, in  0.434 seconds
Domain Reload Profiling: 882ms
	BeginReloadAssembly (89ms)
		ExecutionOrderSort (0ms)
		DisableScriptedObjects (3ms)
		BackupInstance (0ms)
		ReleaseScriptingObjects (0ms)
		CreateAndSetChildDomain (24ms)
	RebuildCommonClasses (22ms)
	RebuildNativeTypeToScriptingClass (7ms)
	initialDomainReloadingComplete (18ms)
	LoadAllAssembliesAndSetupDomain (312ms)
		LoadAssemblies (203ms)
		RebuildTransferFunctionScriptingTraits (0ms)
		AnalyzeDomain (147ms)
			TypeCache.Refresh (116ms)
				TypeCache.ScanAssembly (104ms)
			BuildScriptInfoCaches (24ms)
			ResolveRequiredComponents (6ms)
	FinalizeReload (435ms)
		ReleaseScriptCaches (0ms)
		RebuildScriptCaches (0ms)
		SetupLoadedEditorAssemblies (358ms)
			LogAssemblyErrors (0ms)
			InitializePlatformSupportModulesInManaged (1ms)
			SetLoadedEditorAssemblies (3ms)
			BeforeProcessingInitializeOnLoad (84ms)
			ProcessInitializeOnLoadAttributes (205ms)
			ProcessInitializeOnLoadMethodAttributes (64ms)
			AfterProcessingInitializeOnLoad (1ms)
			EditorAssembliesLoaded (0ms)
		ExecutionOrderSort2 (0ms)
		AwakeInstancesAfterBackupRestoration (2ms)
WARNING: Shader Unsupported: 'Universal Render Pipeline/VR/SpatialMapping/Wireframe' - All subshaders removed
WARNING: Shader Did you use #pragma only_renderers and omit this platform?
WARNING: Shader If subshaders removal was intentional, you may have forgotten turning Fallback off?
WARNING: Shader Unsupported: 'Universal Render Pipeline/VR/SpatialMapping/Wireframe' - All subshaders removed
WARNING: Shader Did you use #pragma only_renderers and omit this platform?
WARNING: Shader If subshaders removal was intentional, you may have forgotten turning Fallback off?
Launching external process: /Applications/Unity/Hub/Editor/6000.3.3f1/Unity.app/Contents/Helpers/UnityShaderCompiler
Launched and connected shader compiler UnityShaderCompiler after 0.02 seconds
Refreshing native plugins compatible for Editor in 0.32 ms, found 2 plugins.
Preloading 0 native plugins for Editor in 0.00 ms.
Unloading 17 Unused Serialized files (Serialized files now loaded: 0)
Unloading 6886 unused Assets / (4.1 MB). Loaded Objects now: 7721.
Memory consumption went from 176.8 MB to 172.7 MB.
Total: 5.457625 ms (FindLiveObjects: 0.505167 ms CreateObjectMapping: 0.159792 ms MarkObjects: 3.835375 ms  DeleteObjects: 0.957166 ms)

========================================================================
Received Prepare
Begin MonoManager ReloadAssembly
[Licensing::Client] Successfully resolved entitlement details
Thread 0x16fcc7000 may have been prematurely finalized
- Loaded All Assemblies, in  0.473 seconds
Refreshing native plugins compatible for Editor in 0.31 ms, found 2 plugins.
Native extension for OSXStandalone target not found
Native extension for WebGL target not found
[Package Manager] Failed to launch server process. Reason: Unity was launched with the -noUpm command-line argument
[Package Manager] Unable to send message (not connected to server process).
[Package Manager] Cannot connect to Unity Package Manager local server
Mono: successfully reloaded assembly
- Finished resetting the current domain, in  0.430 seconds
Domain Reload Profiling: 905ms
	BeginReloadAssembly (163ms)
		ExecutionOrderSort (1ms)
		DisableScriptedObjects (19ms)
		BackupInstance (0ms)
		ReleaseScriptingObjects (0ms)
		CreateAndSetChildDomain (66ms)
	RebuildCommonClasses (25ms)
	RebuildNativeTypeToScriptingClass (8ms)
	initialDomainReloadingComplete (12ms)
	LoadAllAssembliesAndSetupDomain (267ms)
		LoadAssemblies (196ms)
		RebuildTransferFunctionScriptingTraits (0ms)
		AnalyzeDomain (105ms)
			TypeCache.Refresh (8ms)
				TypeCache.ScanAssembly (0ms)
			BuildScriptInfoCaches (89ms)
			ResolveRequiredComponents (6ms)
	FinalizeReload (430ms)
		ReleaseScriptCaches (0ms)
		RebuildScriptCaches (0ms)
		SetupLoadedEditorAssemblies (349ms)
			LogAssemblyErrors (0ms)
			InitializePlatformSupportModulesInManaged (1ms)
			SetLoadedEditorAssemblies (3ms)
			BeforeProcessingInitializeOnLoad (86ms)
			ProcessInitializeOnLoadAttributes (219ms)
			ProcessInitializeOnLoadMethodAttributes (39ms)
			AfterProcessingInitializeOnLoad (1ms)
			EditorAssembliesLoaded (0ms)
		ExecutionOrderSort2 (0ms)
		AwakeInstancesAfterBackupRestoration (6ms)
WARNING: Shader Unsupported: 'Universal Render Pipeline/VR/SpatialMapping/Wireframe' - All subshaders removed
WARNING: Shader Did you use #pragma only_renderers and omit this platform?
WARNING: Shader If subshaders removal was intentional, you may have forgotten turning Fallback off?
WARNING: Shader Unsupported: 'Universal Render Pipeline/VR/SpatialMapping/Wireframe' - All subshaders removed
WARNING: Shader Did you use #pragma only_renderers and omit this platform?
WARNING: Shader If subshaders removal was intentional, you may have forgotten turning Fallback off?
Refreshing native plugins compatible for Editor in 0.44 ms, found 2 plugins.
Preloading 0 native plugins for Editor in 0.00 ms.
Unloading 17 Unused Serialized files (Serialized files now loaded: 0)
Unloading 6885 unused Assets / (3.2 MB). Loaded Objects now: 7725.
Memory consumption went from 185.1 MB to 181.8 MB.
Total: 6.038000 ms (FindLiveObjects: 0.353958 ms CreateObjectMapping: 0.166667 ms MarkObjects: 4.481958 ms  DeleteObjects: 1.035292 ms)

Prepare: number of updated asset objects reloaded= 0
========================================================================
Received Import Request.
  Time since last request: 258348.353985 seconds.
  path: Assets/sprite_shiki/shi00_001.png
  artifactKey: Guid(a7efe9ecdd7184bb8bc5737eea73df9e) Importer(815301076,1909f56bfc062723c751e8b465ee728b)
Start importing Assets/sprite_shiki/shi00_001.png using Guid(a7efe9ecdd7184bb8bc5737eea73df9e) Importer(815301076,1909f56bfc062723c751e8b465ee728b) (PreviewImporter) -> (artifact id: 'a653cee5872d72b70fa4a632f3baeddd') in 0.1702205 seconds
Number of updated asset objects reloaded before import = 0Number of asset objects unloaded after import = 3

========================================================================
Received Import Request.
  Time since last request: 0.000056 seconds.
  path: Assets/sprite_shiki/shi04_002.png
  artifactKey: Guid(e36d6075732bf4d8394c7ce825d62058) Importer(815301076,1909f56bfc062723c751e8b465ee728b)
Start importing Assets/sprite_shiki/shi04_002.png using Guid(e36d6075732bf4d8394c7ce825d62058) Importer(815301076,1909f56bfc062723c751e8b465ee728b) (PreviewImporter) -> (artifact id: '2f06ea9a73fdaf85a62773689feb921b') in 0.008224625 seconds
Number of updated asset objects reloaded before import = 0Number of asset objects unloaded after import = 3

========================================================================
Received Import Request.
  Time since last request: 0.000056 seconds.
  path: Assets/sprite_shiki/shi00_013.png
  artifactKey: Guid(8b846f3d702334f85b9ac0e111c63160) Importer(815301076,1909f56bfc062723c751e8b465ee728b)
Start importing Assets/sprite_shiki/shi00_013.png using Guid(8b846f3d702334f85b9ac0e111c63160) Importer(815301076,1909f56bfc062723c751e8b465ee728b) (PreviewImporter) -> (artifact id: '0f41d9b09d1c8289ab550246df0c37c8') in 0.008401709 seconds
Number of updated asset objects reloaded before import = 0Number of asset objects unloaded after import = 3

========================================================================
Received Import Request.
  Time since last request: 0.000064 seconds.
  path: Assets/sprite_shiki/shi03_011.png
  artifactKey: Guid(cbcb9480912864cc08e34ec2add25c2d) Importer(815301076,1909f56bfc062723c751e8b465ee728b)
Start importing Assets/sprite_shiki/shi03_011.png using Guid(cbcb9480912864cc08e34ec2add25c2d) Importer(815301076,1909f56bfc062723c751e8b465ee728b) (PreviewImporter) -> (artifact id: '82dd9b31a63d0c0cdbb9ca99ede27da6') in 0.00500975 seconds
Number of updated asset objects reloaded before import = 0Number of asset objects unloaded after import = 3

========================================================================
Received Import Request.
  Time since last request: 0.000037 seconds.
  path: Assets/sprite_shiki/shi02_008.png
  artifactKey: Guid(f211efd691e67449b85ddfca4f2f722d) Importer(815301076,1909f56bfc062723c751e8b465ee728b)
Start importing Assets/sprite_shiki/shi02_008.png using Guid(f211efd691e67449b85ddfca4f2f722d) Importer(815301076,1909f56bfc062723c751e8b465ee728b) (PreviewImporter) -> (artifact id: '1bacd986d44450228c7958df4e53adcf') in 0.005978375 seconds
Number of updated asset objects reloaded before import = 0Number of asset objects unloaded after import = 3

========================================================================
Received Import Request.
  Time since last request: 0.000043 seconds.
  path: Assets/sprite_shiki/shi02_010.png
  artifactKey: Guid(4643732b16f2a4d31a3f08def4ab7d61) Importer(815301076,1909f56bfc062723c751e8b465ee728b)
Start importing Assets/sprite_shiki/shi02_010.png using Guid(4643732b16f2a4d31a3f08def4ab7d61) Importer(815301076,1909f56bfc062723c751e8b465ee728b) (PreviewImporter) -> (artifact id: '5a65d6fd4ce87d0c1f3b102dc8546297') in 0.005962042 seconds
Number of updated asset objects reloaded before import = 0Number of asset objects unloaded after import = 3

========================================================================
Received Import Request.
  Time since last request: 0.000048 seconds.
  path: Assets/sprite_shiki/shi00_009.png
  artifactKey: Guid(636bc39b20d564a9a8a00a6a59224d1c) Importer(815301076,1909f56bfc062723c751e8b465ee728b)
Start importing Assets/sprite_shiki/shi00_009.png using Guid(636bc39b20d564a9a8a00a6a59224d1c) Importer(815301076,1909f56bfc062723c751e8b465ee728b) (PreviewImporter) -> (artifact id: '3c946209fbe31048f215f0771874ffb8') in 0.005186375 seconds
Number of updated asset objects reloaded before import = 0Number of asset objects unloaded after import = 3

========================================================================
Received Import Request.
  Time since last request: 0.000042 seconds.
  path: Assets/sprite_shiki/shi03_016.png
  artifactKey: Guid(1e50b4ea0a6714b129708e9c280926e7) Importer(815301076,1909f56bfc062723c751e8b465ee728b)
Start importing Assets/sprite_shiki/shi03_016.png using Guid(1e50b4ea0a6714b129708e9c280926e7) Importer(815301076,1909f56bfc062723c751e8b465ee728b) (PreviewImporter) -> (artifact id: 'd9d1e417fb29c1b3732e2f3434d5394c') in 0.008421792 seconds
Number of updated asset objects reloaded before import = 0Number of asset objects unloaded after import = 3

========================================================================
Received Import Request.
  Time since last request: 0.000108 seconds.
  path: Assets/sprite_shiki/shi04_005.png
  artifactKey: Guid(6cbc1f67913664cdc8ee16a27a573810) Importer(815301076,1909f56bfc062723c751e8b465ee728b)
Start importing Assets/sprite_shiki/shi04_005.png using Guid(6cbc1f67913664cdc8ee16a27a573810) Importer(815301076,1909f56bfc062723c751e8b465ee728b) (PreviewImporter) -> (artifact id: '23c5e372f166407599d4f275654f4394') in 0.008756792 seconds
Number of updated asset objects reloaded before import = 0Number of asset objects unloaded after import = 3

========================================================================
Received Import Request.
  Time since last request: 0.000065 seconds.
  path: Assets/sprite_shiki/shi02_003.png
  artifactKey: Guid(5d20a343d2b23461e83fc9d30b8f05ba) Importer(815301076,1909f56bfc062723c751e8b465ee728b)
Start importing Assets/sprite_shiki/shi02_003.png using Guid(5d20a343d2b23461e83fc9d30b8f05ba) Importer(815301076,1909f56bfc062723c751e8b465ee728b) (PreviewImporter) -> (artifact id: '4d7007f99b72b7584f0323ac82ad153c') in 0.008858667 seconds
Number of updated asset objects reloaded before import = 0Number of asset objects unloaded after import = 3

========================================================================
Received Import Request.
  Time since last request: 0.000041 seconds.
  path: Assets/sprite_shiki/shi00_004.png
  artifactKey: Guid(493e9e7eae9de4c47a9861839c308d17) Importer(815301076,1909f56bfc062723c751e8b465ee728b)
Start importing Assets/sprite_shiki/shi00_004.png using Guid(493e9e7eae9de4c47a9861839c308d17) Importer(815301076,1909f56bfc062723c751e8b465ee728b) (PreviewImporter) -> (artifact id: '7d81377859c28f6fe0d0fee1cd222d9b') in 0.007889375 seconds
Number of updated asset objects reloaded before import = 0Number of asset objects unloaded after import = 3

========================================================================
Received Import Request.
  Time since last request: 0.000045 seconds.
  path: Assets/sprite_shiki/shi04_000.png
  artifactKey: Guid(e7f0dfc5bb51f43868cbcdabda6d548e) Importer(815301076,1909f56bfc062723c751e8b465ee728b)
Start importing Assets/sprite_shiki/shi04_000.png using Guid(e7f0dfc5bb51f43868cbcdabda6d548e) Importer(815301076,1909f56bfc062723c751e8b465ee728b) (PreviewImporter) -> (artifact id: '4b5b01bd2e202aa6b4585b1dda8cc8db') in 0.0061425 seconds
Number of updated asset objects reloaded before import = 0Number of asset objects unloaded after import = 3

========================================================================
Received Import Request.
  Time since last request: 0.000077 seconds.
  path: Assets/sprite_shiki/shi02_014.png
  artifactKey: Guid(3f29775dade254dd9b6d3bd782d2464a) Importer(815301076,1909f56bfc062723c751e8b465ee728b)
Start importing Assets/sprite_shiki/shi02_014.png using Guid(3f29775dade254dd9b6d3bd782d2464a) Importer(815301076,1909f56bfc062723c751e8b465ee728b) (PreviewImporter) -> (artifact id: '12cd6aaed10d23225dd2f928410fc04d') in 0.005579209 seconds
Number of updated asset objects reloaded before import = 0Number of asset objects unloaded after import = 3

========================================================================
Received Import Request.
  Time since last request: 0.000049 seconds.
  path: Assets/sprite_shiki/shi00_002.png
  artifactKey: Guid(73bea3a5d518a4dd48b80ec5b97d0bac) Importer(815301076,1909f56bfc062723c751e8b465ee728b)
Start importing Assets/sprite_shiki/shi00_002.png using Guid(73bea3a5d518a4dd48b80ec5b97d0bac) Importer(815301076,1909f56bfc062723c751e8b465ee728b) (PreviewImporter) -> (artifact id: 'ad7b37d06ab4c50c15079945fdaaffc8') in 0.006701125 seconds
Number of updated asset objects reloaded before import = 0Number of asset objects unloaded after import = 3

========================================================================
Received Import Request.
  Time since last request: 0.000054 seconds.
  path: Assets/sprite_shiki/shi00_005.png
  artifactKey: Guid(cad7d3049c1884a75b5481c527feb64d) Importer(815301076,1909f56bfc062723c751e8b465ee728b)
Start importing Assets/sprite_shiki/shi00_005.png using Guid(cad7d3049c1884a75b5481c527feb64d) Importer(815301076,1909f56bfc062723c751e8b465ee728b) (PreviewImporter) -> (artifact id: '54bc2f1fe2eb11b9b82e8a327d34acda') in 0.0053375 seconds
Number of updated asset objects reloaded before import = 0Number of asset objects unloaded after import = 3

========================================================================
Received Import Request.
  Time since last request: 0.000096 seconds.
  path: Assets/sprite_shiki/shi00_011.png
  artifactKey: Guid(2348b799da9c5488ab08ea6c23e7be69) Importer(815301076,1909f56bfc062723c751e8b465ee728b)
Start importing Assets/sprite_shiki/shi00_011.png using Guid(2348b799da9c5488ab08ea6c23e7be69) Importer(815301076,1909f56bfc062723c751e8b465ee728b) (PreviewImporter) -> (artifact id: '8c1d6c9ad2a8a026fd6be557c50d1a88') in 0.004751334 seconds
Number of updated asset objects reloaded before import = 0Number of asset objects unloaded after import = 3

========================================================================
Received Import Request.
  Time since last request: 0.000081 seconds.
  path: Assets/sprite_shiki/shi03_010.png
  artifactKey: Guid(aa4b81491d9c3421e8ead87d5a9d91bd) Importer(815301076,1909f56bfc062723c751e8b465ee728b)
Start importing Assets/sprite_shiki/shi03_010.png using Guid(aa4b81491d9c3421e8ead87d5a9d91bd) Importer(815301076,1909f56bfc062723c751e8b465ee728b) (PreviewImporter) -> (artifact id: 'c85810a898fbd4c576482f9b7603a13a') in 0.007347666 seconds
Number of updated asset objects reloaded before import = 0Number of asset objects unloaded after import = 3

========================================================================
Received Import Request.
  Time since last request: 0.000046 seconds.
  path: Assets/sprite_shiki/shi00_003.png
  artifactKey: Guid(ae26cd4efaa3e4ff1b918046cc162c69) Importer(815301076,1909f56bfc062723c751e8b465ee728b)
Start importing Assets/sprite_shiki/shi00_003.png using Guid(ae26cd4efaa3e4ff1b918046cc162c69) Importer(815301076,1909f56bfc062723c751e8b465ee728b) (PreviewImporter) -> (artifact id: 'b585e731d65eb86c9ae12202e7fed943') in 0.006327916 seconds
Number of updated asset objects reloaded before import = 0Number of asset objects unloaded after import = 3

========================================================================
Received Import Request.
  Time since last request: 0.000046 seconds.
  path: Assets/sprite_shiki/shi02_018.png
  artifactKey: Guid(6aa7ba66870d849d597d1ec879ebe157) Importer(815301076,1909f56bfc062723c751e8b465ee728b)
Start importing Assets/sprite_shiki/shi02_018.png using Guid(6aa7ba66870d849d597d1ec879ebe157) Importer(815301076,1909f56bfc062723c751e8b465ee728b) (PreviewImporter) -> (artifact id: '9970d8624fad15cf7fc0aae5af7d31f5') in 0.009643208 seconds
Number of updated asset objects reloaded before import = 0Number of asset objects unloaded after import = 3

========================================================================
Received Import Request.
  Time since last request: 0.000041 seconds.
  path: Assets/sprite_shiki/shi02_016.png
  artifactKey: Guid(27fe576587be542d8bfd2deae9fb3164) Importer(815301076,1909f56bfc062723c751e8b465ee728b)
Start importing Assets/sprite_shiki/shi02_016.png using Guid(27fe576587be542d8bfd2deae9fb3164) Importer(815301076,1909f56bfc062723c751e8b465ee728b) (PreviewImporter) -> (artifact id: '73f7b27c24323c1e8c1bd587d03bb9fc') in 0.006269458 seconds
Number of updated asset objects reloaded before import = 0Number of asset objects unloaded after import = 3

========================================================================
Received Import Request.
  Time since last request: 0.000032 seconds.
  path: Assets/sprite_shiki/shi04_001.png
  artifactKey: Guid(a8e6161d38d854eb3b5657481804c729) Importer(815301076,1909f56bfc062723c751e8b465ee728b)
Start importing Assets/sprite_shiki/shi04_001.png using Guid(a8e6161d38d854eb3b5657481804c729) Importer(815301076,1909f56bfc062723c751e8b465ee728b) (PreviewImporter) -> (artifact id: 'ddb2e5fd449a09470f32650821e81571') in 0.008723 seconds
Number of updated asset objects reloaded before import = 0Number of asset objects unloaded after import = 3

========================================================================
Received Import Request.
  Time since last request: 0.000030 seconds.
  path: Assets/sprite_shiki/shi05_000.png
  artifactKey: Guid(d36d7d24e33364a97b322a8b8724c05a) Importer(815301076,1909f56bfc062723c751e8b465ee728b)
Start importing Assets/sprite_shiki/shi05_000.png using Guid(d36d7d24e33364a97b322a8b8724c05a) Importer(815301076,1909f56bfc062723c751e8b465ee728b) (PreviewImporter) -> (artifact id: 'e2de30f27f926fe8f19113087bc48b9d') in 0.006520791 seconds
Number of updated asset objects reloaded before import = 0Number of asset objects unloaded after import = 3

========================================================================
Received Import Request.
  Time since last request: 0.000041 seconds.
  path: Assets/sprite_shiki/shi01_002.png
  artifactKey: Guid(16ad8eba333f743a8890f3cfd714ba43) Importer(815301076,1909f56bfc062723c751e8b465ee728b)
Start importing Assets/sprite_shiki/shi01_002.png using Guid(16ad8eba333f743a8890f3cfd714ba43) Importer(815301076,1909f56bfc062723c751e8b465ee728b) (PreviewImporter) -> (artifact id: '91baef17be03188df39c1dcb5fc3ddf8') in 0.006066083 seconds
Number of updated asset objects reloaded before import = 0Number of asset objects unloaded after import = 3

========================================================================
Received Import Request.
  Time since last request: 0.000210 seconds.
  path: Assets/sprite_shiki/shi05_002.png
  artifactKey: Guid(36887ec8312c44c03a99ed2b7ee970fc) Importer(815301076,1909f56bfc062723c751e8b465ee728b)
Start importing Assets/sprite_shiki/shi05_002.png using Guid(36887ec8312c44c03a99ed2b7ee970fc) Importer(815301076,1909f56bfc062723c751e8b465ee728b) (PreviewImporter) -> (artifact id: 'dc1c210d75004cfb423d1454db64c392') in 0.00654525 seconds
Number of updated asset objects reloaded before import = 0Number of asset objects unloaded after import = 3

========================================================================
Received Import Request.
  Time since last request: 0.000041 seconds.
  path: Assets/sprite_shiki/shi02_000.png
  artifactKey: Guid(eeb8d9ab40da4447288d48a8ccecf506) Importer(815301076,1909f56bfc062723c751e8b465ee728b)
Start importing Assets/sprite_shiki/shi02_000.png using Guid(eeb8d9ab40da4447288d48a8ccecf506) Importer(815301076,1909f56bfc062723c751e8b465ee728b) (PreviewImporter) -> (artifact id: '9f3ac8684b31d583c171be3c7fdadf24') in 0.00912825 seconds
Number of updated asset objects reloaded before import = 0Number of asset objects unloaded after import = 3

========================================================================
Received Import Request.
  Time since last request: 0.000081 seconds.
  path: Assets/sprite_shiki/shi03_005.png
  artifactKey: Guid(fff97f8f0a5a44221980cb5af979b556) Importer(815301076,1909f56bfc062723c751e8b465ee728b)
Start importing Assets/sprite_shiki/shi03_005.png using Guid(fff97f8f0a5a44221980cb5af979b556) Importer(815301076,1909f56bfc062723c751e8b465ee728b) (PreviewImporter) -> (artifact id: '72469ca2f353b9491de75e74fda0ffeb') in 0.007774292 seconds
Number of updated asset objects reloaded before import = 0Number of asset objects unloaded after import = 3

========================================================================
Received Import Request.
  Time since last request: 0.000041 seconds.
  path: Assets/sprite_shiki/shi00_014.png
  artifactKey: Guid(bf332cd3210e745f7827a4dffb5490c3) Importer(815301076,1909f56bfc062723c751e8b465ee728b)
Start importing Assets/sprite_shiki/shi00_014.png using Guid(bf332cd3210e745f7827a4dffb5490c3) Importer(815301076,1909f56bfc062723c751e8b465ee728b) (PreviewImporter) -> (artifact id: '76b478f4ce51def59e81504e77e79922') in 0.006331 seconds
Number of updated asset objects reloaded before import = 0Number of asset objects unloaded after import = 3

========================================================================
Received Import Request.
  Time since last request: 0.000048 seconds.
  path: Assets/sprite_shiki/shi02_019.png
  artifactKey: Guid(373577c19390244eaabcbbaf553712d0) Importer(815301076,1909f56bfc062723c751e8b465ee728b)
Start importing Assets/sprite_shiki/shi02_019.png using Guid(373577c19390244eaabcbbaf553712d0) Importer(815301076,1909f56bfc062723c751e8b465ee728b) (PreviewImporter) -> (artifact id: 'd07a5a2f9c0176aa649fed1bec198849') in 0.009227 seconds
Number of updated asset objects reloaded before import = 0Number of asset objects unloaded after import = 3

========================================================================
Received Import Request.
  Time since last request: 0.000107 seconds.
  path: Assets/sprite_shiki/shi03_001.png
  artifactKey: Guid(671b59dc6aeee4306a421706d9df20b6) Importer(815301076,1909f56bfc062723c751e8b465ee728b)
Start importing Assets/sprite_shiki/shi03_001.png using Guid(671b59dc6aeee4306a421706d9df20b6) Importer(815301076,1909f56bfc062723c751e8b465ee728b) (PreviewImporter) -> (artifact id: '853aa27518bb302e3662c3bef821ae5f') in 0.007484375 seconds
Number of updated asset objects reloaded before import = 0Number of asset objects unloaded after import = 3

========================================================================
Received Import Request.
  Time since last request: 0.000038 seconds.
  path: Assets/sprite_shiki/shi05_001.png
  artifactKey: Guid(552d5dd4a8fa044bd8951c5aa9ab13ba) Importer(815301076,1909f56bfc062723c751e8b465ee728b)
Start importing Assets/sprite_shiki/shi05_001.png using Guid(552d5dd4a8fa044bd8951c5aa9ab13ba) Importer(815301076,1909f56bfc062723c751e8b465ee728b) (PreviewImporter) -> (artifact id: 'b204624fdfd497f3efe81d8c81daf6e4') in 0.007695542 seconds
Number of updated asset objects reloaded before import = 0Number of asset objects unloaded after import = 3

========================================================================
Received Import Request.
  Time since last request: 0.000051 seconds.
  path: Assets/sprite_shiki/shi02_006.png
  artifactKey: Guid(30b50badb47e243b6b458db036d309a9) Importer(815301076,1909f56bfc062723c751e8b465ee728b)
Start importing Assets/sprite_shiki/shi02_006.png using Guid(30b50badb47e243b6b458db036d309a9) Importer(815301076,1909f56bfc062723c751e8b465ee728b) (PreviewImporter) -> (artifact id: 'a97197f1406cf9e90084e06e487f77fc') in 0.011094083 seconds
Number of updated asset objects reloaded before import = 0Number of asset objects unloaded after import = 3

========================================================================
Received Import Request.
  Time since last request: 0.000055 seconds.
  path: Assets/sprite_shiki/shi04_003.png
  artifactKey: Guid(293b77119c21848e3a204f92f6ca57b5) Importer(815301076,1909f56bfc062723c751e8b465ee728b)
Start importing Assets/sprite_shiki/shi04_003.png using Guid(293b77119c21848e3a204f92f6ca57b5) Importer(815301076,1909f56bfc062723c751e8b465ee728b) (PreviewImporter) -> (artifact id: '1bf34c9839ddb624aae05bf77f94852f') in 0.0090235 seconds
Number of updated asset objects reloaded before import = 0Number of asset objects unloaded after import = 3

========================================================================
Received Import Request.
  Time since last request: 0.000063 seconds.
  path: Assets/sprite_shiki/shi03_018.png
  artifactKey: Guid(a04a9fad097b54a67b3558ae2e859468) Importer(815301076,1909f56bfc062723c751e8b465ee728b)
Start importing Assets/sprite_shiki/shi03_018.png using Guid(a04a9fad097b54a67b3558ae2e859468) Importer(815301076,1909f56bfc062723c751e8b465ee728b) (PreviewImporter) -> (artifact id: 'f05f6c7b39cfef877682ce0e385e631c') in 0.0072625 seconds
Number of updated asset objects reloaded before import = 0Number of asset objects unloaded after import = 3

========================================================================
Received Import Request.
  Time since last request: 0.000052 seconds.
  path: Assets/sprite_shiki/shi03_009.png
  artifactKey: Guid(aa8c7f1d65d8948ff977922a08f1bd11) Importer(815301076,1909f56bfc062723c751e8b465ee728b)
Start importing Assets/sprite_shiki/shi03_009.png using Guid(aa8c7f1d65d8948ff977922a08f1bd11) Importer(815301076,1909f56bfc062723c751e8b465ee728b) (PreviewImporter) -> (artifact id: 'bea450d348549cf5a72aaf3afe0198f3') in 0.007052167 seconds
Number of updated asset objects reloaded before import = 0Number of asset objects unloaded after import = 3

========================================================================
Received Import Request.
  Time since last request: 0.000079 seconds.
  path: Assets/sprite_shiki/shi03_014.png
  artifactKey: Guid(3df0d14d9558d4beb8e377c4639752f4) Importer(815301076,1909f56bfc062723c751e8b465ee728b)
Start importing Assets/sprite_shiki/shi03_014.png using Guid(3df0d14d9558d4beb8e377c4639752f4) Importer(815301076,1909f56bfc062723c751e8b465ee728b) (PreviewImporter) -> (artifact id: 'f6111cd390d67e1d57e66e23c6d3590c') in 0.006259166 seconds
Number of updated asset objects reloaded before import = 0Number of asset objects unloaded after import = 3

========================================================================
Received Import Request.
  Time since last request: 0.000898 seconds.
  path: Assets/sprite_shiki/shi02_020.png
  artifactKey: Guid(44f76e9004ca348af800dd690d3e2d7c) Importer(815301076,1909f56bfc062723c751e8b465ee728b)
Start importing Assets/sprite_shiki/shi02_020.png using Guid(44f76e9004ca348af800dd690d3e2d7c) Importer(815301076,1909f56bfc062723c751e8b465ee728b) (PreviewImporter) -> (artifact id: '477f87b8987fff313185b49ef4c3f678') in 0.007502875 seconds
Number of updated asset objects reloaded before import = 0Number of asset objects unloaded after import = 3

========================================================================
Received Import Request.
  Time since last request: 0.000181 seconds.
  path: Assets/sprite_shiki/shi02_017.png
  artifactKey: Guid(6c8c3dce38d154f1e9febfc39ba207f9) Importer(815301076,1909f56bfc062723c751e8b465ee728b)
Start importing Assets/sprite_shiki/shi02_017.png using Guid(6c8c3dce38d154f1e9febfc39ba207f9) Importer(815301076,1909f56bfc062723c751e8b465ee728b) (PreviewImporter) -> (artifact id: '65fc046451c100a7e8701d0da547785f') in 0.009031209 seconds
Number of updated asset objects reloaded before import = 0Number of asset objects unloaded after import = 3

Editor requested this worker to shutdown with reason: Scaling down because of idle timeout
AssetImportWorker is now disconnected from the server
Process exiting
