Unity Editor version:    6000.3.3f1 (ef04196de0d6)
Branch:                  6000.3/staging
Build type:              Release
Batch mode:              YES
macOS version:           Version 15.6 (Build 24G84)
Darwin version:          24.6.0
Architecture:            arm64
Running under Rosetta:   NO
Available memory:        16384 MB
Date:                    2026-01-17T13:58:01Z
[Licensing::Module] Trying to connect to existing licensing client channel...
[Licensing::IpcConnector] Successfully connected to: "LicenseClient-aryan" at "2026-01-17T13:58:01.543712Z"

COMMAND LINE ARGUMENTS:
/Applications/Unity/Hub/Editor/6000.3.3f1/Unity.app/Contents/MacOS/Unity
-adb2
-batchMode
-noUpm
-name
AssetImportWorker7
-projectPath
/Users/aryan/Delivery/Tek2/Perso/jamfgc
-logFile
Logs/AssetImportWorker7.log
-srvPort
49319
-licensingIpc
LicenseClient-aryan
-job-worker-count
4
-background-job-worker-count
8
-gc-helper-count
1
-name AssetImport
Successfully changed project path to: /Users/aryan/Delivery/Tek2/Perso/jamfgc
/Users/aryan/Delivery/Tek2/Perso/jamfgc
[UnityMemory] Configuration Parameters - Can be set up in boot.config
    "memorysetup-allocator-temp-initial-block-size-main=262144"
    "memorysetup-allocator-temp-initial-block-size-worker=262144"
    "memorysetup-temp-allocator-size-background-worker=32768"
    "memorysetup-temp-allocator-size-job-worker=262144"
    "memorysetup-temp-allocator-size-preload-manager=33554432"
    "memorysetup-temp-allocator-size-nav-mesh-worker=65536"
    "memorysetup-temp-allocator-size-audio-worker=65536"
    "memorysetup-temp-allocator-size-cloud-worker=32768"
    "memorysetup-bucket-allocator-granularity=16"
    "memorysetup-bucket-allocator-bucket-count=8"
    "memorysetup-bucket-allocator-block-size=33554432"
    "memorysetup-bucket-allocator-block-count=8"
    "memorysetup-main-allocator-block-size=16777216"
    "memorysetup-thread-allocator-block-size=16777216"
    "memorysetup-gfx-main-allocator-block-size=16777216"
    "memorysetup-gfx-thread-allocator-block-size=16777216"
    "memorysetup-cache-allocator-block-size=4194304"
    "memorysetup-typetree-allocator-block-size=2097152"
    "memorysetup-profiler-bucket-allocator-granularity=16"
    "memorysetup-profiler-bucket-allocator-bucket-count=8"
    "memorysetup-profiler-bucket-allocator-block-size=33554432"
    "memorysetup-profiler-bucket-allocator-block-count=8"
    "memorysetup-profiler-allocator-block-size=16777216"
    "memorysetup-profiler-editor-allocator-block-size=1048576"
    "memorysetup-temp-allocator-size-main=16777216"
    "memorysetup-job-temp-allocator-block-size=2097152"
    "memorysetup-job-temp-allocator-block-size-background=1048576"
    "memorysetup-job-temp-allocator-reduction-small-platforms=262144"
    "memorysetup-temp-allocator-size-gi-baking-worker=262144"
    "memorysetup-temp-allocator-size-gi-baking-worker=262144"
    "memorysetup-temp-allocator-size-gi-baking-worker=262144"
    "memorysetup-temp-allocator-size-gi-baking-worker=262144"
    "memorysetup-temp-allocator-size-gi-baking-worker=262144"
    "memorysetup-temp-allocator-size-gfx=262144"
Player connection [8559927488]  Target information:

Player connection [8559927488]  * "[IP] 10.73.187.39 [Port] 0 [Flags] 2 [Guid] 3595533047 [EditorId] 3595533047 [Version] 1048832 [Id] OSXEditor(0,MacBook-Air-de-Aryan.local) [Debug] 1 [PackageName] OSXEditor [ProjectName] Editor" 

Player connection [8559927488] Host joined multi-casting on [225.0.0.222:54997]...
Player connection [8559927488] Host joined alternative multi-casting on [225.0.0.222:34997]...
JobSystem: Creating JobQueue using job-worker-count value 4
Input System module state changed to: Initialized.
[Physics::Module] Initialized fallback backend.
[Physics::Module] Id: 0xdecafbad
Library Redirect Path: Library/
[Physics::Module] Selected backend.
[Physics::Module] Name: PhysX
[Physics::Module] Id: 0xf2b8ea05
[Physics::Module] SDK Version: 4.1.2
[Physics::Module] Integration Version: 1.0.0
[Physics::Module] Threading Mode: Multi-Threaded
Refreshing native plugins compatible for Editor in 7.05 ms, found 2 plugins.
Preloading 0 native plugins for Editor in 0.00 ms.
Initialize engine version: 6000.3.3f1 (ef04196de0d6)
[Subsystems] Discovering subsystems at path /Applications/Unity/Hub/Editor/6000.3.3f1/Unity.app/Contents/Resources/UnitySubsystems
[Subsystems] Discovering subsystems at path /Users/aryan/Delivery/Tek2/Perso/jamfgc/Assets
GfxDevice: creating device client; kGfxThreadingModeNonThreaded
 preferred device: Apple M4 (high power)
Metal devices available: 1
0: Apple M4 (high power)
Using device Apple M4 (high power)
Initializing Metal device caps: Apple M4
Mac GPU Family: 2
Apple GPU Family: 9
MSL Version: 3.0
Has Float MSAA: 1
Has Float Filtering: 1
ReadWrite Texture Tier: 2
Initialize mono
Mono path[0] = '/Applications/Unity/Hub/Editor/6000.3.3f1/Unity.app/Contents/Resources/Scripting/Managed'
Mono path[1] = '/Applications/Unity/Hub/Editor/6000.3.3f1/Unity.app/Contents/Resources/Scripting/MonoBleedingEdge/lib/mono/unityjit-macos'
Mono config path = '/Applications/Unity/Hub/Editor/6000.3.3f1/Unity.app/Contents/Resources/Scripting/MonoBleedingEdge/etc'
Using monoOptions --debugger-agent=transport=dt_socket,embedding=1,server=y,suspend=n,address=127.0.0.1:56923
[Licensing::Client] Handshaking with LicensingClient:
  Version:                 1.17.4+4293ba1
  Session Id:              38e21347b35042feb3b220959423a07c
  Correlation Id:          5f05c989afd96a0a9d0bdc1f3a52d00d
  External correlation Id: 3964237110695155177
  Machine Id:              u37oKcjfOtQKUgW8iZHfUJpkHZc=
[Licensing::Module] Successfully connected to LicensingClient on channel: "LicenseClient-aryan" (connect: 0.00s, validation: 0.00s, handshake: 0.45s)
[Licensing::IpcConnector] Successfully connected to: "LicenseClient-aryan-notifications" at "2026-01-17T13:58:01.997524Z"
[Licensing::Module] Licensing Background thread has ended after 0.45s
Begin MonoManager ReloadAssembly
Registering precompiled unity dll's ...
Register platform support module: /Applications/Unity/Hub/Editor/6000.3.3f1/PlaybackEngines/WebGLSupport/UnityEditor.WebGL.Extensions.dll
Register platform support module: /Applications/Unity/Hub/Editor/6000.3.3f1/Unity.app/Contents/PlaybackEngines/MacStandaloneSupport/UnityEditor.OSXStandalone.Extensions.dll
Registered in 0.001509 seconds.
- Loaded All Assemblies, in  0.268 seconds
Native extension for OSXStandalone target not found
Native extension for WebGL target not found
Mono: successfully reloaded assembly
- Finished resetting the current domain, in  0.254 seconds
Domain Reload Profiling: 522ms
	BeginReloadAssembly (95ms)
		ExecutionOrderSort (0ms)
		DisableScriptedObjects (0ms)
		BackupInstance (0ms)
		ReleaseScriptingObjects (0ms)
		CreateAndSetChildDomain (0ms)
	RebuildCommonClasses (23ms)
	RebuildNativeTypeToScriptingClass (7ms)
	initialDomainReloadingComplete (31ms)
	LoadAllAssembliesAndSetupDomain (111ms)
		LoadAssemblies (95ms)
		RebuildTransferFunctionScriptingTraits (0ms)
		AnalyzeDomain (109ms)
			TypeCache.Refresh (108ms)
				TypeCache.ScanAssembly (98ms)
			BuildScriptInfoCaches (0ms)
			ResolveRequiredComponents (0ms)
	FinalizeReload (254ms)
		ReleaseScriptCaches (0ms)
		RebuildScriptCaches (0ms)
		SetupLoadedEditorAssemblies (226ms)
			LogAssemblyErrors (0ms)
			InitializePlatformSupportModulesInManaged (28ms)
			SetLoadedEditorAssemblies (2ms)
			BeforeProcessingInitializeOnLoad (54ms)
			ProcessInitializeOnLoadAttributes (86ms)
			ProcessInitializeOnLoadMethodAttributes (56ms)
			AfterProcessingInitializeOnLoad (0ms)
			EditorAssembliesLoaded (0ms)
		ExecutionOrderSort2 (0ms)
		AwakeInstancesAfterBackupRestoration (0ms)
[CoreBusinessMetrics] Unexpected thread when updating session info.
========================================================================
Worker process is ready to serve import requests
Import Worker Mode flag is 0x00
Begin MonoManager ReloadAssembly
[Licensing::Client] Successfully resolved entitlement details
[Licensing::Module] License group:
  Id: 20066624557717-UnityPersXXXX
  Product: Unity Personal
  Type: Assigned
  Expiration: Unlimited
- Loaded All Assemblies, in  0.450 seconds
Refreshing native plugins compatible for Editor in 0.43 ms, found 2 plugins.
Native extension for OSXStandalone target not found
Native extension for WebGL target not found
Package Manager log level set to [2]
[Package Manager] Failed to launch server process. Reason: Unity was launched with the -noUpm command-line argument
[Package Manager] Unable to send message (not connected to server process).
[Package Manager] Cannot connect to Unity Package Manager local server
Mono: successfully reloaded assembly
- Finished resetting the current domain, in  0.464 seconds
Domain Reload Profiling: 910ms
	BeginReloadAssembly (87ms)
		ExecutionOrderSort (0ms)
		DisableScriptedObjects (3ms)
		BackupInstance (0ms)
		ReleaseScriptingObjects (0ms)
		CreateAndSetChildDomain (27ms)
	RebuildCommonClasses (21ms)
	RebuildNativeTypeToScriptingClass (7ms)
	initialDomainReloadingComplete (18ms)
	LoadAllAssembliesAndSetupDomain (312ms)
		LoadAssemblies (199ms)
		RebuildTransferFunctionScriptingTraits (0ms)
		AnalyzeDomain (144ms)
			TypeCache.Refresh (112ms)
				TypeCache.ScanAssembly (100ms)
			BuildScriptInfoCaches (24ms)
			ResolveRequiredComponents (6ms)
	FinalizeReload (465ms)
		ReleaseScriptCaches (0ms)
		RebuildScriptCaches (0ms)
		SetupLoadedEditorAssemblies (366ms)
			LogAssemblyErrors (0ms)
			InitializePlatformSupportModulesInManaged (2ms)
			SetLoadedEditorAssemblies (2ms)
			BeforeProcessingInitializeOnLoad (86ms)
			ProcessInitializeOnLoadAttributes (207ms)
			ProcessInitializeOnLoadMethodAttributes (68ms)
			AfterProcessingInitializeOnLoad (1ms)
			EditorAssembliesLoaded (0ms)
		ExecutionOrderSort2 (0ms)
		AwakeInstancesAfterBackupRestoration (2ms)
WARNING: Shader Unsupported: 'Universal Render Pipeline/VR/SpatialMapping/Wireframe' - All subshaders removed
WARNING: Shader Did you use #pragma only_renderers and omit this platform?
WARNING: Shader If subshaders removal was intentional, you may have forgotten turning Fallback off?
WARNING: Shader Unsupported: 'Universal Render Pipeline/VR/SpatialMapping/Wireframe' - All subshaders removed
WARNING: Shader Did you use #pragma only_renderers and omit this platform?
WARNING: Shader If subshaders removal was intentional, you may have forgotten turning Fallback off?
Launching external process: /Applications/Unity/Hub/Editor/6000.3.3f1/Unity.app/Contents/Helpers/UnityShaderCompiler
Launched and connected shader compiler UnityShaderCompiler after 0.02 seconds
Refreshing native plugins compatible for Editor in 0.47 ms, found 2 plugins.
Preloading 0 native plugins for Editor in 0.00 ms.
Unloading 17 Unused Serialized files (Serialized files now loaded: 0)
Unloading 6887 unused Assets / (3.2 MB). Loaded Objects now: 7722.
Memory consumption went from 177.1 MB to 173.9 MB.
Total: 5.628875 ms (FindLiveObjects: 0.330916 ms CreateObjectMapping: 0.138542 ms MarkObjects: 4.115750 ms  DeleteObjects: 1.043583 ms)

========================================================================
Received Import Request.
  Time since last request: 5196.198147 seconds.
  path: Assets/sprite_shiki/effects (MBAC PC)/shi50_202.png
  artifactKey: Guid(0290a32d682d14430931c0a9ea63787f) Importer(815301076,1909f56bfc062723c751e8b465ee728b)
Start importing Assets/sprite_shiki/effects (MBAC PC)/shi50_202.png using Guid(0290a32d682d14430931c0a9ea63787f) Importer(815301076,1909f56bfc062723c751e8b465ee728b) (PreviewImporter) -> (artifact id: '67a9498531d18b2eef9cba493e424838') in 0.060360666 seconds
Number of updated asset objects reloaded before import = 0Number of asset objects unloaded after import = 3

========================================================================
Received Import Request.
  Time since last request: 6.777398 seconds.
  path: Assets/sprite_shiki/shi10_008.png
  artifactKey: Guid(46768c56f46f54a83aeabdbda60777f1) Importer(815301076,1909f56bfc062723c751e8b465ee728b)
Start importing Assets/sprite_shiki/shi10_008.png using Guid(46768c56f46f54a83aeabdbda60777f1) Importer(815301076,1909f56bfc062723c751e8b465ee728b) (PreviewImporter) -> (artifact id: 'd1cfd89bddf6fca8c9e6608e7541c64e') in 0.018629375 seconds
Number of updated asset objects reloaded before import = 0Number of asset objects unloaded after import = 3

========================================================================
Received Import Request.
  Time since last request: 0.017871 seconds.
  path: Assets/sprite_shiki/shi10_002.png
  artifactKey: Guid(adb02e0ffd4c44b9db949e7ed3869c67) Importer(815301076,1909f56bfc062723c751e8b465ee728b)
Start importing Assets/sprite_shiki/shi10_002.png using Guid(adb02e0ffd4c44b9db949e7ed3869c67) Importer(815301076,1909f56bfc062723c751e8b465ee728b) (PreviewImporter) -> (artifact id: 'a23d33cfef633adf16878eb0ff3f778d') in 0.006898416 seconds
Number of updated asset objects reloaded before import = 0Number of asset objects unloaded after import = 3

========================================================================
Received Import Request.
  Time since last request: 0.000032 seconds.
  path: Assets/sprite_shiki/shi10_004.png
  artifactKey: Guid(08214b65256de445cabb752d54db82af) Importer(815301076,1909f56bfc062723c751e8b465ee728b)
Start importing Assets/sprite_shiki/shi10_004.png using Guid(08214b65256de445cabb752d54db82af) Importer(815301076,1909f56bfc062723c751e8b465ee728b) (PreviewImporter) -> (artifact id: '5b0d707e6f14c4e2eebe83432db6e684') in 0.006430208 seconds
Number of updated asset objects reloaded before import = 0Number of asset objects unloaded after import = 3

========================================================================
Received Import Request.
  Time since last request: 0.000076 seconds.
  path: Assets/sprite_shiki/shi09_008.png
  artifactKey: Guid(f9b648e183e694e1fbc8b17f64ebb18d) Importer(815301076,1909f56bfc062723c751e8b465ee728b)
Start importing Assets/sprite_shiki/shi09_008.png using Guid(f9b648e183e694e1fbc8b17f64ebb18d) Importer(815301076,1909f56bfc062723c751e8b465ee728b) (PreviewImporter) -> (artifact id: '763f7aa0679579abd162021480d1a4b7') in 0.005245667 seconds
Number of updated asset objects reloaded before import = 0Number of asset objects unloaded after import = 3

========================================================================
Received Import Request.
  Time since last request: 0.000094 seconds.
  path: Assets/sprite_shiki/effects (MBAA PS2)/shi08_057.png
  artifactKey: Guid(db7a39d88f1df49a4b5e454025708119) Importer(815301076,1909f56bfc062723c751e8b465ee728b)
Start importing Assets/sprite_shiki/effects (MBAA PS2)/shi08_057.png using Guid(db7a39d88f1df49a4b5e454025708119) Importer(815301076,1909f56bfc062723c751e8b465ee728b) (PreviewImporter) -> (artifact id: '8666091599624e39b64f9ebcd5aa1fbb') in 0.007804667 seconds
Number of updated asset objects reloaded before import = 0Number of asset objects unloaded after import = 3

========================================================================
Received Import Request.
  Time since last request: 0.000048 seconds.
  path: Assets/sprite_shiki/effects (MBAA PS2)/shi08_055.png
  artifactKey: Guid(fed21763fe54d4e039a4965ac691c65f) Importer(815301076,1909f56bfc062723c751e8b465ee728b)
Start importing Assets/sprite_shiki/effects (MBAA PS2)/shi08_055.png using Guid(fed21763fe54d4e039a4965ac691c65f) Importer(815301076,1909f56bfc062723c751e8b465ee728b) (PreviewImporter) -> (artifact id: '4d982df0774afbe703e4ea621dc8b5f2') in 0.006814125 seconds
Number of updated asset objects reloaded before import = 0Number of asset objects unloaded after import = 3

========================================================================
Received Import Request.
  Time since last request: 0.000036 seconds.
  path: Assets/sprite_shiki/shi09_001.png
  artifactKey: Guid(776691d53d9dd49dd87ae72b422c5b0e) Importer(815301076,1909f56bfc062723c751e8b465ee728b)
Start importing Assets/sprite_shiki/shi09_001.png using Guid(776691d53d9dd49dd87ae72b422c5b0e) Importer(815301076,1909f56bfc062723c751e8b465ee728b) (PreviewImporter) -> (artifact id: '57e40a4a75d895554514f3d7908bdfb5') in 0.006854208 seconds
Number of updated asset objects reloaded before import = 0Number of asset objects unloaded after import = 3

========================================================================
Received Import Request.
  Time since last request: 0.000047 seconds.
  path: Assets/sprite_shiki/effects (MBAA PS2)/shi08_052.png
  artifactKey: Guid(fcc74ce320e2041b78a6620848e8e1cb) Importer(815301076,1909f56bfc062723c751e8b465ee728b)
Start importing Assets/sprite_shiki/effects (MBAA PS2)/shi08_052.png using Guid(fcc74ce320e2041b78a6620848e8e1cb) Importer(815301076,1909f56bfc062723c751e8b465ee728b) (PreviewImporter) -> (artifact id: '3b38640639438d32ea36c1558ede11a0') in 0.010220958 seconds
Number of updated asset objects reloaded before import = 0Number of asset objects unloaded after import = 3

========================================================================
Received Import Request.
  Time since last request: 0.029295 seconds.
  path: Assets/sprite_shiki/shi08_012.png
  artifactKey: Guid(8d9585fecef04418287a30e54e595607) Importer(815301076,1909f56bfc062723c751e8b465ee728b)
Start importing Assets/sprite_shiki/shi08_012.png using Guid(8d9585fecef04418287a30e54e595607) Importer(815301076,1909f56bfc062723c751e8b465ee728b) (PreviewImporter) -> (artifact id: '84bf6712e62ee6586f6689d46ae3fd66') in 0.005795166 seconds
Number of updated asset objects reloaded before import = 0Number of asset objects unloaded after import = 3

========================================================================
Received Import Request.
  Time since last request: 0.064371 seconds.
  path: Assets/sprite_shiki/shi08_007.png
  artifactKey: Guid(882d529ab71544438b18ad87f44c7b31) Importer(815301076,1909f56bfc062723c751e8b465ee728b)
Start importing Assets/sprite_shiki/shi08_007.png using Guid(882d529ab71544438b18ad87f44c7b31) Importer(815301076,1909f56bfc062723c751e8b465ee728b) (PreviewImporter) -> (artifact id: '254d8fd6224612efd92fabfb5c3ee386') in 0.007310083 seconds
Number of updated asset objects reloaded before import = 0Number of asset objects unloaded after import = 3

========================================================================
Received Import Request.
  Time since last request: 1.222521 seconds.
  path: Assets/sprite_shiki/effects (MBAC PC)/shi03_055.png
  artifactKey: Guid(75692b63a7f854d94bae6e7ece60c859) Importer(815301076,1909f56bfc062723c751e8b465ee728b)
Start importing Assets/sprite_shiki/effects (MBAC PC)/shi03_055.png using Guid(75692b63a7f854d94bae6e7ece60c859) Importer(815301076,1909f56bfc062723c751e8b465ee728b) (PreviewImporter) -> (artifact id: 'f9f5caa361201f7c2dcb66e20f2ebb0a') in 0.011701542 seconds
Number of updated asset objects reloaded before import = 0Number of asset objects unloaded after import = 3

========================================================================
Received Import Request.
  Time since last request: 0.375378 seconds.
  path: Assets/sprite_shiki/effects (MBAC PC)/shi03_052.png
  artifactKey: Guid(893032f8955044a9d8c86f3fef19846a) Importer(815301076,1909f56bfc062723c751e8b465ee728b)
Start importing Assets/sprite_shiki/effects (MBAC PC)/shi03_052.png using Guid(893032f8955044a9d8c86f3fef19846a) Importer(815301076,1909f56bfc062723c751e8b465ee728b) (PreviewImporter) -> (artifact id: '83dd088def81d29761eef7f7b8dfc4b0') in 0.005920458 seconds
Number of updated asset objects reloaded before import = 0Number of asset objects unloaded after import = 3

========================================================================
Received Import Request.
  Time since last request: 0.000044 seconds.
  path: Assets/sprite_shiki/effects (MBAC PC)/shi03_053.png
  artifactKey: Guid(80cd2d426ab924d71a25fc6a47c82fad) Importer(815301076,1909f56bfc062723c751e8b465ee728b)
Start importing Assets/sprite_shiki/effects (MBAC PC)/shi03_053.png using Guid(80cd2d426ab924d71a25fc6a47c82fad) Importer(815301076,1909f56bfc062723c751e8b465ee728b) (PreviewImporter) -> (artifact id: '77b05eff6a130a6d67233f842399e705') in 0.005169834 seconds
Number of updated asset objects reloaded before import = 0Number of asset objects unloaded after import = 3

========================================================================
Received Import Request.
  Time since last request: 0.048935 seconds.
  path: Assets/sprite_shiki/effects (MBAA PS2)/shi02_056.png
  artifactKey: Guid(33a44c3281706401fb608aec8b72373f) Importer(815301076,1909f56bfc062723c751e8b465ee728b)
Start importing Assets/sprite_shiki/effects (MBAA PS2)/shi02_056.png using Guid(33a44c3281706401fb608aec8b72373f) Importer(815301076,1909f56bfc062723c751e8b465ee728b) (PreviewImporter) -> (artifact id: '1707dcd7521608dd30ef0225e5c4a61f') in 0.006430541 seconds
Number of updated asset objects reloaded before import = 0Number of asset objects unloaded after import = 3

========================================================================
Received Import Request.
  Time since last request: 0.000045 seconds.
  path: Assets/sprite_shiki/effects (MBAA PS2)/shi02_057.png
  artifactKey: Guid(858533749deac48f6a2dcdeaa62490eb) Importer(815301076,1909f56bfc062723c751e8b465ee728b)
Start importing Assets/sprite_shiki/effects (MBAA PS2)/shi02_057.png using Guid(858533749deac48f6a2dcdeaa62490eb) Importer(815301076,1909f56bfc062723c751e8b465ee728b) (PreviewImporter) -> (artifact id: '048c2b6fb8292d6b6b727a862908099b') in 0.006208125 seconds
Number of updated asset objects reloaded before import = 0Number of asset objects unloaded after import = 3

========================================================================
Received Import Request.
  Time since last request: 0.000033 seconds.
  path: Assets/sprite_shiki/effects (MBAA PS2)/shi02_054.png
  artifactKey: Guid(70ef34db617374e11ba00b4734005635) Importer(815301076,1909f56bfc062723c751e8b465ee728b)
Start importing Assets/sprite_shiki/effects (MBAA PS2)/shi02_054.png using Guid(70ef34db617374e11ba00b4734005635) Importer(815301076,1909f56bfc062723c751e8b465ee728b) (PreviewImporter) -> (artifact id: '46410c921fc9149f707cfdf2fee96a68') in 0.007170292 seconds
Number of updated asset objects reloaded before import = 0Number of asset objects unloaded after import = 3

========================================================================
Received Import Request.
  Time since last request: 0.000097 seconds.
  path: Assets/sprite_shiki/effects (MBAA PS2)/shi02_053.png
  artifactKey: Guid(0fb253adaddc94a7cac3428af64a6fd9) Importer(815301076,1909f56bfc062723c751e8b465ee728b)
Start importing Assets/sprite_shiki/effects (MBAA PS2)/shi02_053.png using Guid(0fb253adaddc94a7cac3428af64a6fd9) Importer(815301076,1909f56bfc062723c751e8b465ee728b) (PreviewImporter) -> (artifact id: '8a5a6cfc0726515dce8a290ed9ced4a1') in 0.006087541 seconds
Number of updated asset objects reloaded before import = 0Number of asset objects unloaded after import = 3

========================================================================
Received Import Request.
  Time since last request: 0.685701 seconds.
  path: Assets/sprite_arcueid/effects (MBAA PS2)/arc50661.png
  artifactKey: Guid(c06bb390ffc064d949aabf0907164c9c) Importer(815301076,1909f56bfc062723c751e8b465ee728b)
Start importing Assets/sprite_arcueid/effects (MBAA PS2)/arc50661.png using Guid(c06bb390ffc064d949aabf0907164c9c) Importer(815301076,1909f56bfc062723c751e8b465ee728b) (PreviewImporter) -> (artifact id: '05bbf53ff607395db6aa0df0af3ad190') in 0.004521125 seconds
Number of updated asset objects reloaded before import = 0Number of asset objects unloaded after import = 3

========================================================================
Received Prepare
Begin MonoManager ReloadAssembly
Thread 0x17ea1b000 may have been prematurely finalized
- Loaded All Assemblies, in  0.488 seconds
Refreshing native plugins compatible for Editor in 1.35 ms, found 2 plugins.
Native extension for OSXStandalone target not found
Native extension for WebGL target not found
[Package Manager] Failed to launch server process. Reason: Unity was launched with the -noUpm command-line argument
[Package Manager] Unable to send message (not connected to server process).
[Package Manager] Cannot connect to Unity Package Manager local server
Mono: successfully reloaded assembly
- Finished resetting the current domain, in  0.597 seconds
Domain Reload Profiling: 1087ms
	BeginReloadAssembly (138ms)
		ExecutionOrderSort (0ms)
		DisableScriptedObjects (6ms)
		BackupInstance (0ms)
		ReleaseScriptingObjects (0ms)
		CreateAndSetChildDomain (68ms)
	RebuildCommonClasses (23ms)
	RebuildNativeTypeToScriptingClass (8ms)
	initialDomainReloadingComplete (19ms)
	LoadAllAssembliesAndSetupDomain (303ms)
		LoadAssemblies (190ms)
		RebuildTransferFunctionScriptingTraits (0ms)
		AnalyzeDomain (140ms)
			TypeCache.Refresh (9ms)
				TypeCache.ScanAssembly (0ms)
			BuildScriptInfoCaches (121ms)
			ResolveRequiredComponents (7ms)
	FinalizeReload (598ms)
		ReleaseScriptCaches (0ms)
		RebuildScriptCaches (0ms)
		SetupLoadedEditorAssemblies (471ms)
			LogAssemblyErrors (0ms)
			InitializePlatformSupportModulesInManaged (2ms)
			SetLoadedEditorAssemblies (3ms)
			BeforeProcessingInitializeOnLoad (145ms)
			ProcessInitializeOnLoadAttributes (268ms)
			ProcessInitializeOnLoadMethodAttributes (51ms)
			AfterProcessingInitializeOnLoad (1ms)
			EditorAssembliesLoaded (0ms)
		ExecutionOrderSort2 (0ms)
		AwakeInstancesAfterBackupRestoration (6ms)
WARNING: Shader Unsupported: 'Universal Render Pipeline/VR/SpatialMapping/Wireframe' - All subshaders removed
WARNING: Shader Did you use #pragma only_renderers and omit this platform?
WARNING: Shader If subshaders removal was intentional, you may have forgotten turning Fallback off?
WARNING: Shader Unsupported: 'Universal Render Pipeline/VR/SpatialMapping/Wireframe' - All subshaders removed
WARNING: Shader Did you use #pragma only_renderers and omit this platform?
WARNING: Shader If subshaders removal was intentional, you may have forgotten turning Fallback off?
Refreshing native plugins compatible for Editor in 0.62 ms, found 2 plugins.
Preloading 0 native plugins for Editor in 0.00 ms.
Unloading 17 Unused Serialized files (Serialized files now loaded: 0)
Unloading 6886 unused Assets / (2.4 MB). Loaded Objects now: 7766.
Memory consumption went from 187.1 MB to 184.7 MB.
Total: 6.882250 ms (FindLiveObjects: 0.476167 ms CreateObjectMapping: 0.238208 ms MarkObjects: 5.084625 ms  DeleteObjects: 1.082791 ms)

Prepare: number of updated asset objects reloaded= 0
Editor requested this worker to shutdown with reason: Scaling down because of idle timeout
AssetImportWorkerClient::OnTransportError - code=2 error=End of file
AssetImportWorker is now disconnected from the server
Process exiting
