Unity Editor version:    6000.3.3f1 (ef04196de0d6)
Branch:                  6000.3/staging
Build type:              Release
Batch mode:              YES
macOS version:           Version 15.6 (Build 24G84)
Darwin version:          24.6.0
Architecture:            arm64
Running under Rosetta:   NO
Available memory:        16384 MB
Date:                    2026-01-17T13:58:01Z
[Licensing::Module] Trying to connect to existing licensing client channel...
[Licensing::IpcConnector] Successfully connected to: "LicenseClient-aryan" at "2026-01-17T13:58:01.531912Z"

COMMAND LINE ARGUMENTS:
/Applications/Unity/Hub/Editor/6000.3.3f1/Unity.app/Contents/MacOS/Unity
-adb2
-batchMode
-noUpm
-name
AssetImportWorker6
-projectPath
/Users/aryan/Delivery/Tek2/Perso/jamfgc
-logFile
Logs/AssetImportWorker6.log
-srvPort
49319
-licensingIpc
LicenseClient-aryan
-job-worker-count
4
-background-job-worker-count
8
-gc-helper-count
1
-name AssetImport
Successfully changed project path to: /Users/aryan/Delivery/Tek2/Perso/jamfgc
/Users/aryan/Delivery/Tek2/Perso/jamfgc
[UnityMemory] Configuration Parameters - Can be set up in boot.config
    "memorysetup-allocator-temp-initial-block-size-main=262144"
    "memorysetup-allocator-temp-initial-block-size-worker=262144"
    "memorysetup-temp-allocator-size-background-worker=32768"
    "memorysetup-temp-allocator-size-job-worker=262144"
    "memorysetup-temp-allocator-size-preload-manager=33554432"
    "memorysetup-temp-allocator-size-nav-mesh-worker=65536"
    "memorysetup-temp-allocator-size-audio-worker=65536"
    "memorysetup-temp-allocator-size-cloud-worker=32768"
    "memorysetup-bucket-allocator-granularity=16"
    "memorysetup-bucket-allocator-bucket-count=8"
    "memorysetup-bucket-allocator-block-size=33554432"
    "memorysetup-bucket-allocator-block-count=8"
    "memorysetup-main-allocator-block-size=16777216"
    "memorysetup-thread-allocator-block-size=16777216"
    "memorysetup-gfx-main-allocator-block-size=16777216"
    "memorysetup-gfx-thread-allocator-block-size=16777216"
    "memorysetup-cache-allocator-block-size=4194304"
    "memorysetup-typetree-allocator-block-size=2097152"
    "memorysetup-profiler-bucket-allocator-granularity=16"
    "memorysetup-profiler-bucket-allocator-bucket-count=8"
    "memorysetup-profiler-bucket-allocator-block-size=33554432"
    "memorysetup-profiler-bucket-allocator-block-count=8"
    "memorysetup-profiler-allocator-block-size=16777216"
    "memorysetup-profiler-editor-allocator-block-size=1048576"
    "memorysetup-temp-allocator-size-main=16777216"
    "memorysetup-job-temp-allocator-block-size=2097152"
    "memorysetup-job-temp-allocator-block-size-background=1048576"
    "memorysetup-job-temp-allocator-reduction-small-platforms=262144"
    "memorysetup-temp-allocator-size-gi-baking-worker=262144"
    "memorysetup-temp-allocator-size-gi-baking-worker=262144"
    "memorysetup-temp-allocator-size-gi-baking-worker=262144"
    "memorysetup-temp-allocator-size-gi-baking-worker=262144"
    "memorysetup-temp-allocator-size-gi-baking-worker=262144"
    "memorysetup-temp-allocator-size-gfx=262144"
Player connection [8559927488]  Target information:

Player connection [8559927488]  * "[IP] 10.73.187.39 [Port] 0 [Flags] 2 [Guid] 4137635257 [EditorId] 4137635257 [Version] 1048832 [Id] OSXEditor(0,MacBook-Air-de-Aryan.local) [Debug] 1 [PackageName] OSXEditor [ProjectName] Editor" 

Player connection [8559927488] Host joined multi-casting on [225.0.0.222:54997]...
Player connection [8559927488] Host joined alternative multi-casting on [225.0.0.222:34997]...
JobSystem: Creating JobQueue using job-worker-count value 4
Input System module state changed to: Initialized.
[Physics::Module] Initialized fallback backend.
[Physics::Module] Id: 0xdecafbad
Library Redirect Path: Library/
[Physics::Module] Selected backend.
[Physics::Module] Name: PhysX
[Physics::Module] Id: 0xf2b8ea05
[Physics::Module] SDK Version: 4.1.2
[Physics::Module] Integration Version: 1.0.0
[Physics::Module] Threading Mode: Multi-Threaded
Refreshing native plugins compatible for Editor in 6.87 ms, found 2 plugins.
Preloading 0 native plugins for Editor in 0.00 ms.
Initialize engine version: 6000.3.3f1 (ef04196de0d6)
[Subsystems] Discovering subsystems at path /Applications/Unity/Hub/Editor/6000.3.3f1/Unity.app/Contents/Resources/UnitySubsystems
[Subsystems] Discovering subsystems at path /Users/aryan/Delivery/Tek2/Perso/jamfgc/Assets
GfxDevice: creating device client; kGfxThreadingModeNonThreaded
 preferred device: Apple M4 (high power)
Metal devices available: 1
0: Apple M4 (high power)
Using device Apple M4 (high power)
Initializing Metal device caps: Apple M4
Mac GPU Family: 2
Apple GPU Family: 9
MSL Version: 3.0
Has Float MSAA: 1
Has Float Filtering: 1
ReadWrite Texture Tier: 2
Initialize mono
Mono path[0] = '/Applications/Unity/Hub/Editor/6000.3.3f1/Unity.app/Contents/Resources/Scripting/Managed'
Mono path[1] = '/Applications/Unity/Hub/Editor/6000.3.3f1/Unity.app/Contents/Resources/Scripting/MonoBleedingEdge/lib/mono/unityjit-macos'
Mono config path = '/Applications/Unity/Hub/Editor/6000.3.3f1/Unity.app/Contents/Resources/Scripting/MonoBleedingEdge/etc'
Using monoOptions --debugger-agent=transport=dt_socket,embedding=1,server=y,suspend=n,address=127.0.0.1:56921
Begin MonoManager ReloadAssembly
[Licensing::Client] Handshaking with LicensingClient:
  Version:                 1.17.4+4293ba1
  Session Id:              4a63aa9d39a844e29be1b0223e7b4933
  Correlation Id:          5f05c989afd96a0a9d0bdc1f3a52d00d
  External correlation Id: 894023640268898380
  Machine Id:              u37oKcjfOtQKUgW8iZHfUJpkHZc=
[Licensing::Module] Successfully connected to LicensingClient on channel: "LicenseClient-aryan" (connect: 0.00s, validation: 0.00s, handshake: 0.52s)
[Licensing::IpcConnector] Successfully connected to: "LicenseClient-aryan-notifications" at "2026-01-17T13:58:02.055109Z"
[Licensing::Module] Licensing Background thread has ended after 0.52s
Registering precompiled unity dll's ...
Register platform support module: /Applications/Unity/Hub/Editor/6000.3.3f1/PlaybackEngines/WebGLSupport/UnityEditor.WebGL.Extensions.dll
Register platform support module: /Applications/Unity/Hub/Editor/6000.3.3f1/Unity.app/Contents/PlaybackEngines/MacStandaloneSupport/UnityEditor.OSXStandalone.Extensions.dll
Registered in 0.001093 seconds.
- Loaded All Assemblies, in  0.268 seconds
Native extension for OSXStandalone target not found
Native extension for WebGL target not found
Mono: successfully reloaded assembly
- Finished resetting the current domain, in  0.254 seconds
Domain Reload Profiling: 522ms
	BeginReloadAssembly (95ms)
		ExecutionOrderSort (0ms)
		DisableScriptedObjects (0ms)
		BackupInstance (0ms)
		ReleaseScriptingObjects (0ms)
		CreateAndSetChildDomain (0ms)
	RebuildCommonClasses (23ms)
	RebuildNativeTypeToScriptingClass (7ms)
	initialDomainReloadingComplete (31ms)
	LoadAllAssembliesAndSetupDomain (112ms)
		LoadAssemblies (95ms)
		RebuildTransferFunctionScriptingTraits (0ms)
		AnalyzeDomain (110ms)
			TypeCache.Refresh (108ms)
				TypeCache.ScanAssembly (99ms)
			BuildScriptInfoCaches (0ms)
			ResolveRequiredComponents (0ms)
	FinalizeReload (254ms)
		ReleaseScriptCaches (0ms)
		RebuildScriptCaches (0ms)
		SetupLoadedEditorAssemblies (226ms)
			LogAssemblyErrors (0ms)
			InitializePlatformSupportModulesInManaged (28ms)
			SetLoadedEditorAssemblies (2ms)
			BeforeProcessingInitializeOnLoad (54ms)
			ProcessInitializeOnLoadAttributes (86ms)
			ProcessInitializeOnLoadMethodAttributes (55ms)
			AfterProcessingInitializeOnLoad (0ms)
			EditorAssembliesLoaded (0ms)
		ExecutionOrderSort2 (0ms)
		AwakeInstancesAfterBackupRestoration (0ms)
[CoreBusinessMetrics] Unexpected thread when updating session info.
========================================================================
Worker process is ready to serve import requests
Import Worker Mode flag is 0x00
Begin MonoManager ReloadAssembly
[Licensing::Client] Successfully resolved entitlement details
[Licensing::Module] License group:
  Id: 20066624557717-UnityPersXXXX
  Product: Unity Personal
  Type: Assigned
  Expiration: Unlimited
- Loaded All Assemblies, in  0.448 seconds
Refreshing native plugins compatible for Editor in 0.60 ms, found 2 plugins.
Native extension for OSXStandalone target not found
Native extension for WebGL target not found
Package Manager log level set to [2]
[Package Manager] Failed to launch server process. Reason: Unity was launched with the -noUpm command-line argument
[Package Manager] Unable to send message (not connected to server process).
[Package Manager] Cannot connect to Unity Package Manager local server
Mono: successfully reloaded assembly
- Finished resetting the current domain, in  0.466 seconds
Domain Reload Profiling: 911ms
	BeginReloadAssembly (83ms)
		ExecutionOrderSort (0ms)
		DisableScriptedObjects (3ms)
		BackupInstance (0ms)
		ReleaseScriptingObjects (0ms)
		CreateAndSetChildDomain (27ms)
	RebuildCommonClasses (23ms)
	RebuildNativeTypeToScriptingClass (7ms)
	initialDomainReloadingComplete (18ms)
	LoadAllAssembliesAndSetupDomain (314ms)
		LoadAssemblies (198ms)
		RebuildTransferFunctionScriptingTraits (0ms)
		AnalyzeDomain (146ms)
			TypeCache.Refresh (114ms)
				TypeCache.ScanAssembly (102ms)
			BuildScriptInfoCaches (24ms)
			ResolveRequiredComponents (6ms)
	FinalizeReload (466ms)
		ReleaseScriptCaches (0ms)
		RebuildScriptCaches (0ms)
		SetupLoadedEditorAssemblies (367ms)
			LogAssemblyErrors (0ms)
			InitializePlatformSupportModulesInManaged (2ms)
			SetLoadedEditorAssemblies (2ms)
			BeforeProcessingInitializeOnLoad (87ms)
			ProcessInitializeOnLoadAttributes (206ms)
			ProcessInitializeOnLoadMethodAttributes (69ms)
			AfterProcessingInitializeOnLoad (0ms)
			EditorAssembliesLoaded (0ms)
		ExecutionOrderSort2 (0ms)
		AwakeInstancesAfterBackupRestoration (2ms)
WARNING: Shader Unsupported: 'Universal Render Pipeline/VR/SpatialMapping/Wireframe' - All subshaders removed
WARNING: Shader Did you use #pragma only_renderers and omit this platform?
WARNING: Shader If subshaders removal was intentional, you may have forgotten turning Fallback off?
WARNING: Shader Unsupported: 'Universal Render Pipeline/VR/SpatialMapping/Wireframe' - All subshaders removed
WARNING: Shader Did you use #pragma only_renderers and omit this platform?
WARNING: Shader If subshaders removal was intentional, you may have forgotten turning Fallback off?
Launching external process: /Applications/Unity/Hub/Editor/6000.3.3f1/Unity.app/Contents/Helpers/UnityShaderCompiler
Launched and connected shader compiler UnityShaderCompiler after 0.02 seconds
Refreshing native plugins compatible for Editor in 0.47 ms, found 2 plugins.
Preloading 0 native plugins for Editor in 0.00 ms.
Unloading 17 Unused Serialized files (Serialized files now loaded: 0)
Unloading 6887 unused Assets / (3.4 MB). Loaded Objects now: 7722.
Memory consumption went from 176.8 MB to 173.5 MB.
Total: 5.606209 ms (FindLiveObjects: 0.332416 ms CreateObjectMapping: 0.120834 ms MarkObjects: 4.113791 ms  DeleteObjects: 1.039042 ms)

========================================================================
Received Import Request.
  Time since last request: 5196.196715 seconds.
  path: Assets/sprite_shiki/effects (MBAA PS2)/shi50_201.png
  artifactKey: Guid(46d473443d626468ab00d4a0525dcc95) Importer(815301076,1909f56bfc062723c751e8b465ee728b)
Start importing Assets/sprite_shiki/effects (MBAA PS2)/shi50_201.png using Guid(46d473443d626468ab00d4a0525dcc95) Importer(815301076,1909f56bfc062723c751e8b465ee728b) (PreviewImporter) -> (artifact id: '0234dc0c6542d8d8d504649ed1264117') in 0.0501265 seconds
Number of updated asset objects reloaded before import = 0Number of asset objects unloaded after import = 3

========================================================================
Received Import Request.
  Time since last request: 6.785274 seconds.
  path: Assets/sprite_shiki/shi10_006.png
  artifactKey: Guid(cfa3cd2d4dce64c53bef5458aeae05c8) Importer(815301076,1909f56bfc062723c751e8b465ee728b)
Start importing Assets/sprite_shiki/shi10_006.png using Guid(cfa3cd2d4dce64c53bef5458aeae05c8) Importer(815301076,1909f56bfc062723c751e8b465ee728b) (PreviewImporter) -> (artifact id: '586ce1ebf3a05833c0d8686a04a8e562') in 0.012041042 seconds
Number of updated asset objects reloaded before import = 0Number of asset objects unloaded after import = 3

========================================================================
Received Import Request.
  Time since last request: 0.000063 seconds.
  path: Assets/sprite_shiki/shi10_009.png
  artifactKey: Guid(43ee9477b51f0426fa231e99453d95fe) Importer(815301076,1909f56bfc062723c751e8b465ee728b)
Start importing Assets/sprite_shiki/shi10_009.png using Guid(43ee9477b51f0426fa231e99453d95fe) Importer(815301076,1909f56bfc062723c751e8b465ee728b) (PreviewImporter) -> (artifact id: 'ebeeec1a6ba78e5999e91d33b025388c') in 0.007044125 seconds
Number of updated asset objects reloaded before import = 0Number of asset objects unloaded after import = 3

========================================================================
Received Import Request.
  Time since last request: 0.000048 seconds.
  path: Assets/sprite_shiki/shi10_000.png
  artifactKey: Guid(cee2e468179ff46869a73576a03d772b) Importer(815301076,1909f56bfc062723c751e8b465ee728b)
Start importing Assets/sprite_shiki/shi10_000.png using Guid(cee2e468179ff46869a73576a03d772b) Importer(815301076,1909f56bfc062723c751e8b465ee728b) (PreviewImporter) -> (artifact id: '5bdf0b4635af42236cd00740f0ac6303') in 0.006716208 seconds
Number of updated asset objects reloaded before import = 0Number of asset objects unloaded after import = 3

========================================================================
Received Import Request.
  Time since last request: 0.000038 seconds.
  path: Assets/sprite_shiki/shi09_005.png
  artifactKey: Guid(9a81ec08428754867934f8dc2765d330) Importer(815301076,1909f56bfc062723c751e8b465ee728b)
Start importing Assets/sprite_shiki/shi09_005.png using Guid(9a81ec08428754867934f8dc2765d330) Importer(815301076,1909f56bfc062723c751e8b465ee728b) (PreviewImporter) -> (artifact id: 'dfa80e47749f97e47623a458f79352d1') in 0.008014958 seconds
Number of updated asset objects reloaded before import = 0Number of asset objects unloaded after import = 3

========================================================================
Received Import Request.
  Time since last request: 0.000032 seconds.
  path: Assets/sprite_shiki/shi09_007.png
  artifactKey: Guid(6721984ed475f4268a29f3eb1d55f3bf) Importer(815301076,1909f56bfc062723c751e8b465ee728b)
Start importing Assets/sprite_shiki/shi09_007.png using Guid(6721984ed475f4268a29f3eb1d55f3bf) Importer(815301076,1909f56bfc062723c751e8b465ee728b) (PreviewImporter) -> (artifact id: '1ee32cc439a649b81fd0461a5891c0c1') in 0.007203625 seconds
Number of updated asset objects reloaded before import = 0Number of asset objects unloaded after import = 3

========================================================================
Received Import Request.
  Time since last request: 0.000063 seconds.
  path: Assets/sprite_shiki/shi09_003.png
  artifactKey: Guid(d950253e8bb4d41eabb3de9f67e2206b) Importer(815301076,1909f56bfc062723c751e8b465ee728b)
Start importing Assets/sprite_shiki/shi09_003.png using Guid(d950253e8bb4d41eabb3de9f67e2206b) Importer(815301076,1909f56bfc062723c751e8b465ee728b) (PreviewImporter) -> (artifact id: '6a447f188c80d793d897870075c957a7') in 0.007967292 seconds
Number of updated asset objects reloaded before import = 0Number of asset objects unloaded after import = 3

========================================================================
Received Import Request.
  Time since last request: 0.000051 seconds.
  path: Assets/sprite_shiki/effects (MBAC PC)/shi08_056.png
  artifactKey: Guid(770cc049b0db44758adf73b35b3abffb) Importer(815301076,1909f56bfc062723c751e8b465ee728b)
Start importing Assets/sprite_shiki/effects (MBAC PC)/shi08_056.png using Guid(770cc049b0db44758adf73b35b3abffb) Importer(815301076,1909f56bfc062723c751e8b465ee728b) (PreviewImporter) -> (artifact id: '18af622cd3c7cb0965b7435604ab597a') in 0.007917125 seconds
Number of updated asset objects reloaded before import = 0Number of asset objects unloaded after import = 3

========================================================================
Received Import Request.
  Time since last request: 0.000051 seconds.
  path: Assets/sprite_shiki/shi10_003.png
  artifactKey: Guid(782962d5b2b504e778422df14d8514d4) Importer(815301076,1909f56bfc062723c751e8b465ee728b)
Start importing Assets/sprite_shiki/shi10_003.png using Guid(782962d5b2b504e778422df14d8514d4) Importer(815301076,1909f56bfc062723c751e8b465ee728b) (PreviewImporter) -> (artifact id: '6e01b69c364abfdd324c5aed768c3c4b') in 0.005586875 seconds
Number of updated asset objects reloaded before import = 0Number of asset objects unloaded after import = 3

========================================================================
Received Import Request.
  Time since last request: 0.000069 seconds.
  path: Assets/sprite_shiki/effects (MBAC PC)/shi08_051.png
  artifactKey: Guid(ef519a095e08046b89b51a197495859b) Importer(815301076,1909f56bfc062723c751e8b465ee728b)
Start importing Assets/sprite_shiki/effects (MBAC PC)/shi08_051.png using Guid(ef519a095e08046b89b51a197495859b) Importer(815301076,1909f56bfc062723c751e8b465ee728b) (PreviewImporter) -> (artifact id: '523b8b3e0d067bb8191dad24363d7af5') in 0.0069465 seconds
Number of updated asset objects reloaded before import = 0Number of asset objects unloaded after import = 3

========================================================================
Received Import Request.
  Time since last request: 0.029913 seconds.
  path: Assets/sprite_shiki/shi08_010.png
  artifactKey: Guid(e5a9e45b2a00d4258b8261b7b6d0a26f) Importer(815301076,1909f56bfc062723c751e8b465ee728b)
Start importing Assets/sprite_shiki/shi08_010.png using Guid(e5a9e45b2a00d4258b8261b7b6d0a26f) Importer(815301076,1909f56bfc062723c751e8b465ee728b) (PreviewImporter) -> (artifact id: 'b23dfe07c2c3e387e9f55e19245aafb3') in 0.006353875 seconds
Number of updated asset objects reloaded before import = 0Number of asset objects unloaded after import = 3

========================================================================
Received Import Request.
  Time since last request: 0.000035 seconds.
  path: Assets/sprite_shiki/effects (MBAA PS2)/shi08_050.png
  artifactKey: Guid(52271bf8039a54335a03604aa55ec7f4) Importer(815301076,1909f56bfc062723c751e8b465ee728b)
Start importing Assets/sprite_shiki/effects (MBAA PS2)/shi08_050.png using Guid(52271bf8039a54335a03604aa55ec7f4) Importer(815301076,1909f56bfc062723c751e8b465ee728b) (PreviewImporter) -> (artifact id: 'aadcda23f8cc238b2725af84504f08e3') in 0.004569042 seconds
Number of updated asset objects reloaded before import = 0Number of asset objects unloaded after import = 3

========================================================================
Received Import Request.
  Time since last request: 0.048060 seconds.
  path: Assets/sprite_shiki/shi08_005.png
  artifactKey: Guid(8898edd99d7194529aaa2403dd212776) Importer(815301076,1909f56bfc062723c751e8b465ee728b)
Start importing Assets/sprite_shiki/shi08_005.png using Guid(8898edd99d7194529aaa2403dd212776) Importer(815301076,1909f56bfc062723c751e8b465ee728b) (PreviewImporter) -> (artifact id: 'ddd591dd86c5e692ad9a2bed43e1c30f') in 0.007160334 seconds
Number of updated asset objects reloaded before import = 0Number of asset objects unloaded after import = 3

========================================================================
Received Import Request.
  Time since last request: 0.000028 seconds.
  path: Assets/sprite_shiki/shi08_008.png
  artifactKey: Guid(96b36f5323cd74478bedcc2a2642d8d0) Importer(815301076,1909f56bfc062723c751e8b465ee728b)
Start importing Assets/sprite_shiki/shi08_008.png using Guid(96b36f5323cd74478bedcc2a2642d8d0) Importer(815301076,1909f56bfc062723c751e8b465ee728b) (PreviewImporter) -> (artifact id: 'fd8ab61ba8d9a7d4e2b9c2a37f7e4a7a') in 0.005156708 seconds
Number of updated asset objects reloaded before import = 0Number of asset objects unloaded after import = 3

========================================================================
Received Import Request.
  Time since last request: 1.203873 seconds.
  path: Assets/sprite_shiki/effects (MBAA PS2)/shi03_054.png
  artifactKey: Guid(e890cc59bdea445aeb68785f84cdec06) Importer(815301076,1909f56bfc062723c751e8b465ee728b)
Start importing Assets/sprite_shiki/effects (MBAA PS2)/shi03_054.png using Guid(e890cc59bdea445aeb68785f84cdec06) Importer(815301076,1909f56bfc062723c751e8b465ee728b) (PreviewImporter) -> (artifact id: '59a1961c8852b9bea0e741d95b57d956') in 0.008244375 seconds
Number of updated asset objects reloaded before import = 0Number of asset objects unloaded after import = 3

========================================================================
Received Import Request.
  Time since last request: 0.377962 seconds.
  path: Assets/sprite_shiki/effects (MBAC PC)/shi03_051.png
  artifactKey: Guid(8949dedd7055643e3b992d47271a528d) Importer(815301076,1909f56bfc062723c751e8b465ee728b)
Start importing Assets/sprite_shiki/effects (MBAC PC)/shi03_051.png using Guid(8949dedd7055643e3b992d47271a528d) Importer(815301076,1909f56bfc062723c751e8b465ee728b) (PreviewImporter) -> (artifact id: 'ad571670bddda0cbb44ea4bed9efb94f') in 0.006272125 seconds
Number of updated asset objects reloaded before import = 0Number of asset objects unloaded after import = 3

========================================================================
Received Import Request.
  Time since last request: 0.010799 seconds.
  path: Assets/sprite_shiki/effects (MBAA PS2)/shi03_050.png
  artifactKey: Guid(dae2efcc4e64c445298ab7b7d06fc3d6) Importer(815301076,1909f56bfc062723c751e8b465ee728b)
Start importing Assets/sprite_shiki/effects (MBAA PS2)/shi03_050.png using Guid(dae2efcc4e64c445298ab7b7d06fc3d6) Importer(815301076,1909f56bfc062723c751e8b465ee728b) (PreviewImporter) -> (artifact id: 'fa911e341e09e6bc35f6b93656c48692') in 0.004358125 seconds
Number of updated asset objects reloaded before import = 0Number of asset objects unloaded after import = 3

========================================================================
Received Import Request.
  Time since last request: 0.020712 seconds.
  path: Assets/sprite_shiki/effects (MBAC PC)/shi02_058.png
  artifactKey: Guid(62a78dc67d61c413caffc28c77440050) Importer(815301076,1909f56bfc062723c751e8b465ee728b)
Start importing Assets/sprite_shiki/effects (MBAC PC)/shi02_058.png using Guid(62a78dc67d61c413caffc28c77440050) Importer(815301076,1909f56bfc062723c751e8b465ee728b) (PreviewImporter) -> (artifact id: '486ef53a55ea3c58a7e9e28619ca742d') in 0.004614459 seconds
Number of updated asset objects reloaded before import = 0Number of asset objects unloaded after import = 3

========================================================================
Received Import Request.
  Time since last request: 0.000031 seconds.
  path: Assets/sprite_shiki/effects (MBAC PC)/shi02_055.png
  artifactKey: Guid(e221ad4fc2ec64325ba3189cec9e4a04) Importer(815301076,1909f56bfc062723c751e8b465ee728b)
Start importing Assets/sprite_shiki/effects (MBAC PC)/shi02_055.png using Guid(e221ad4fc2ec64325ba3189cec9e4a04) Importer(815301076,1909f56bfc062723c751e8b465ee728b) (PreviewImporter) -> (artifact id: '4259e317b6cf750969071b2c17ddfc3d') in 0.006730875 seconds
Number of updated asset objects reloaded before import = 0Number of asset objects unloaded after import = 3

========================================================================
Received Import Request.
  Time since last request: 0.000096 seconds.
  path: Assets/sprite_shiki/effects (MBAC PC)/shi02_057.png
  artifactKey: Guid(0caf57c966d58414fbbb9fa7f61e10f4) Importer(815301076,1909f56bfc062723c751e8b465ee728b)
Start importing Assets/sprite_shiki/effects (MBAC PC)/shi02_057.png using Guid(0caf57c966d58414fbbb9fa7f61e10f4) Importer(815301076,1909f56bfc062723c751e8b465ee728b) (PreviewImporter) -> (artifact id: 'b63fad15030716be3037e252b72deecb') in 0.006205584 seconds
Number of updated asset objects reloaded before import = 0Number of asset objects unloaded after import = 3

========================================================================
Received Import Request.
  Time since last request: 0.000093 seconds.
  path: Assets/sprite_shiki/effects (MBAC PC)/shi02_054.png
  artifactKey: Guid(d2025c6b823064fc5853d1b0ac013b23) Importer(815301076,1909f56bfc062723c751e8b465ee728b)
Start importing Assets/sprite_shiki/effects (MBAC PC)/shi02_054.png using Guid(d2025c6b823064fc5853d1b0ac013b23) Importer(815301076,1909f56bfc062723c751e8b465ee728b) (PreviewImporter) -> (artifact id: 'd8c25fce4b9830551b057b23f6183be4') in 0.0069225 seconds
Number of updated asset objects reloaded before import = 0Number of asset objects unloaded after import = 3

========================================================================
Received Import Request.
  Time since last request: 0.000042 seconds.
  path: Assets/sprite_shiki/effects (MBAA PS2)/shi02_050.png
  artifactKey: Guid(1b1a7b0a0e9a649c09d0deb6537b2576) Importer(815301076,1909f56bfc062723c751e8b465ee728b)
Start importing Assets/sprite_shiki/effects (MBAA PS2)/shi02_050.png using Guid(1b1a7b0a0e9a649c09d0deb6537b2576) Importer(815301076,1909f56bfc062723c751e8b465ee728b) (PreviewImporter) -> (artifact id: '2db016f6c185a6b5f9f22542995cbeab') in 0.006007875 seconds
Number of updated asset objects reloaded before import = 0Number of asset objects unloaded after import = 3

========================================================================
Received Import Request.
  Time since last request: 0.682935 seconds.
  path: Assets/sprite_arcueid/effects (MBAA PS2)/arc50651.png
  artifactKey: Guid(85d3e511c1fe5405eb8cbde22c13776a) Importer(815301076,1909f56bfc062723c751e8b465ee728b)
Start importing Assets/sprite_arcueid/effects (MBAA PS2)/arc50651.png using Guid(85d3e511c1fe5405eb8cbde22c13776a) Importer(815301076,1909f56bfc062723c751e8b465ee728b) (PreviewImporter) -> (artifact id: 'cf1791e1fcc6c31b2496bf03e479e5a3') in 0.007043083 seconds
Number of updated asset objects reloaded before import = 0Number of asset objects unloaded after import = 4

========================================================================
Received Import Request.
  Time since last request: 0.000059 seconds.
  path: Assets/sprite_arcueid/effects (MBAA PS2)/arc50662.png
  artifactKey: Guid(141d95a4f658f40fc924910f5622228a) Importer(815301076,1909f56bfc062723c751e8b465ee728b)
Start importing Assets/sprite_arcueid/effects (MBAA PS2)/arc50662.png using Guid(141d95a4f658f40fc924910f5622228a) Importer(815301076,1909f56bfc062723c751e8b465ee728b) (PreviewImporter) -> (artifact id: '276a798de1c9cb6840ebaed7677a1601') in 0.005684042 seconds
Number of updated asset objects reloaded before import = 0Number of asset objects unloaded after import = 3

========================================================================
Received Prepare
Begin MonoManager ReloadAssembly
Thread 0x3370a3000 may have been prematurely finalized
- Loaded All Assemblies, in  0.493 seconds
Refreshing native plugins compatible for Editor in 0.27 ms, found 2 plugins.
Native extension for OSXStandalone target not found
Native extension for WebGL target not found
[Package Manager] Failed to launch server process. Reason: Unity was launched with the -noUpm command-line argument
[Package Manager] Unable to send message (not connected to server process).
[Package Manager] Cannot connect to Unity Package Manager local server
Mono: successfully reloaded assembly
- Finished resetting the current domain, in  0.591 seconds
Domain Reload Profiling: 1086ms
	BeginReloadAssembly (144ms)
		ExecutionOrderSort (0ms)
		DisableScriptedObjects (10ms)
		BackupInstance (0ms)
		ReleaseScriptingObjects (0ms)
		CreateAndSetChildDomain (69ms)
	RebuildCommonClasses (24ms)
	RebuildNativeTypeToScriptingClass (10ms)
	initialDomainReloadingComplete (14ms)
	LoadAllAssembliesAndSetupDomain (303ms)
		LoadAssemblies (185ms)
		RebuildTransferFunctionScriptingTraits (0ms)
		AnalyzeDomain (143ms)
			TypeCache.Refresh (9ms)
				TypeCache.ScanAssembly (0ms)
			BuildScriptInfoCaches (123ms)
			ResolveRequiredComponents (8ms)
	FinalizeReload (592ms)
		ReleaseScriptCaches (0ms)
		RebuildScriptCaches (0ms)
		SetupLoadedEditorAssemblies (466ms)
			LogAssemblyErrors (0ms)
			InitializePlatformSupportModulesInManaged (2ms)
			SetLoadedEditorAssemblies (4ms)
			BeforeProcessingInitializeOnLoad (149ms)
			ProcessInitializeOnLoadAttributes (258ms)
			ProcessInitializeOnLoadMethodAttributes (51ms)
			AfterProcessingInitializeOnLoad (1ms)
			EditorAssembliesLoaded (0ms)
		ExecutionOrderSort2 (0ms)
		AwakeInstancesAfterBackupRestoration (6ms)
WARNING: Shader Unsupported: 'Universal Render Pipeline/VR/SpatialMapping/Wireframe' - All subshaders removed
WARNING: Shader Did you use #pragma only_renderers and omit this platform?
WARNING: Shader If subshaders removal was intentional, you may have forgotten turning Fallback off?
WARNING: Shader Unsupported: 'Universal Render Pipeline/VR/SpatialMapping/Wireframe' - All subshaders removed
WARNING: Shader Did you use #pragma only_renderers and omit this platform?
WARNING: Shader If subshaders removal was intentional, you may have forgotten turning Fallback off?
Refreshing native plugins compatible for Editor in 0.39 ms, found 2 plugins.
Preloading 0 native plugins for Editor in 0.00 ms.
Unloading 17 Unused Serialized files (Serialized files now loaded: 0)
Unloading 6886 unused Assets / (3.3 MB). Loaded Objects now: 7782.
Memory consumption went from 187.0 MB to 183.7 MB.
Total: 8.416667 ms (FindLiveObjects: 0.429500 ms CreateObjectMapping: 0.149084 ms MarkObjects: 5.847666 ms  DeleteObjects: 1.989917 ms)

Prepare: number of updated asset objects reloaded= 0
Editor requested this worker to shutdown with reason: Scaling down because of idle timeout
AssetImportWorkerClient::OnTransportError - code=2 error=End of file
AssetImportWorker is now disconnected from the server
Process exiting
