Unity Editor version:    6000.3.3f1 (ef04196de0d6)
Branch:                  6000.3/staging
Build type:              Release
Batch mode:              YES
macOS version:           Version 15.6 (Build 24G84)
Darwin version:          24.6.0
Architecture:            arm64
Running under Rosetta:   NO
Available memory:        16384 MB
Date:                    2026-01-16T19:10:41Z
[Licensing::Module] Trying to connect to existing licensing client channel...
[Licensing::IpcConnector] Successfully connected to: "LicenseClient-aryan" at "2026-01-16T19:10:41.464102Z"

COMMAND LINE ARGUMENTS:
/Applications/Unity/Hub/Editor/6000.3.3f1/Unity.app/Contents/MacOS/Unity
-adb2
-batchMode
-noUpm
-name
AssetImportWorker8
-projectPath
/Users/aryan/Delivery/Tek2/Perso/jamfgc
-logFile
Logs/AssetImportWorker8.log
-srvPort
64127
-licensingIpc
LicenseClient-aryan
-job-worker-count
4
-background-job-worker-count
8
-gc-helper-count
1
-name AssetImport
Successfully changed project path to: /Users/aryan/Delivery/Tek2/Perso/jamfgc
/Users/aryan/Delivery/Tek2/Perso/jamfgc
[UnityMemory] Configuration Parameters - Can be set up in boot.config
    "memorysetup-allocator-temp-initial-block-size-main=262144"
    "memorysetup-allocator-temp-initial-block-size-worker=262144"
    "memorysetup-temp-allocator-size-background-worker=32768"
    "memorysetup-temp-allocator-size-job-worker=262144"
    "memorysetup-temp-allocator-size-preload-manager=33554432"
    "memorysetup-temp-allocator-size-nav-mesh-worker=65536"
    "memorysetup-temp-allocator-size-audio-worker=65536"
    "memorysetup-temp-allocator-size-cloud-worker=32768"
    "memorysetup-bucket-allocator-granularity=16"
    "memorysetup-bucket-allocator-bucket-count=8"
    "memorysetup-bucket-allocator-block-size=33554432"
    "memorysetup-bucket-allocator-block-count=8"
    "memorysetup-main-allocator-block-size=16777216"
    "memorysetup-thread-allocator-block-size=16777216"
    "memorysetup-gfx-main-allocator-block-size=16777216"
    "memorysetup-gfx-thread-allocator-block-size=16777216"
    "memorysetup-cache-allocator-block-size=4194304"
    "memorysetup-typetree-allocator-block-size=2097152"
    "memorysetup-profiler-bucket-allocator-granularity=16"
    "memorysetup-profiler-bucket-allocator-bucket-count=8"
    "memorysetup-profiler-bucket-allocator-block-size=33554432"
    "memorysetup-profiler-bucket-allocator-block-count=8"
    "memorysetup-profiler-allocator-block-size=16777216"
    "memorysetup-profiler-editor-allocator-block-size=1048576"
    "memorysetup-temp-allocator-size-main=16777216"
    "memorysetup-job-temp-allocator-block-size=2097152"
    "memorysetup-job-temp-allocator-block-size-background=1048576"
    "memorysetup-job-temp-allocator-reduction-small-platforms=262144"
    "memorysetup-temp-allocator-size-gi-baking-worker=262144"
    "memorysetup-temp-allocator-size-gi-baking-worker=262144"
    "memorysetup-temp-allocator-size-gi-baking-worker=262144"
    "memorysetup-temp-allocator-size-gi-baking-worker=262144"
    "memorysetup-temp-allocator-size-gi-baking-worker=262144"
    "memorysetup-temp-allocator-size-gfx=262144"
Player connection [8774574272]  Target information:

Player connection [8774574272]  * "[IP] 10.73.187.39 [Port] 0 [Flags] 2 [Guid] 2937163643 [EditorId] 2937163643 [Version] 1048832 [Id] OSXEditor(0,MacBook-Air-de-Aryan.local) [Debug] 1 [PackageName] OSXEditor [ProjectName] Editor" 

Player connection [8774574272] Host joined multi-casting on [225.0.0.222:54997]...
Player connection [8774574272] Host joined alternative multi-casting on [225.0.0.222:34997]...
JobSystem: Creating JobQueue using job-worker-count value 4
Input System module state changed to: Initialized.
[Physics::Module] Initialized fallback backend.
[Physics::Module] Id: 0xdecafbad
Library Redirect Path: Library/
[Physics::Module] Selected backend.
[Physics::Module] Name: PhysX
[Physics::Module] Id: 0xf2b8ea05
[Physics::Module] SDK Version: 4.1.2
[Physics::Module] Integration Version: 1.0.0
[Physics::Module] Threading Mode: Multi-Threaded
Refreshing native plugins compatible for Editor in 5.69 ms, found 2 plugins.
Preloading 0 native plugins for Editor in 0.00 ms.
Initialize engine version: 6000.3.3f1 (ef04196de0d6)
[Subsystems] Discovering subsystems at path /Applications/Unity/Hub/Editor/6000.3.3f1/Unity.app/Contents/Resources/UnitySubsystems
[Subsystems] Discovering subsystems at path /Users/aryan/Delivery/Tek2/Perso/jamfgc/Assets
GfxDevice: creating device client; kGfxThreadingModeNonThreaded
 preferred device: Apple M4 (high power)
Metal devices available: 1
0: Apple M4 (high power)
Using device Apple M4 (high power)
Initializing Metal device caps: Apple M4
Mac GPU Family: 2
Apple GPU Family: 9
MSL Version: 3.0
Has Float MSAA: 1
Has Float Filtering: 1
ReadWrite Texture Tier: 2
Initialize mono
Mono path[0] = '/Applications/Unity/Hub/Editor/6000.3.3f1/Unity.app/Contents/Resources/Scripting/Managed'
Mono path[1] = '/Applications/Unity/Hub/Editor/6000.3.3f1/Unity.app/Contents/Resources/Scripting/MonoBleedingEdge/lib/mono/unityjit-macos'
Mono config path = '/Applications/Unity/Hub/Editor/6000.3.3f1/Unity.app/Contents/Resources/Scripting/MonoBleedingEdge/etc'
Using monoOptions --debugger-agent=transport=dt_socket,embedding=1,server=y,suspend=n,address=127.0.0.1:56785
Begin MonoManager ReloadAssembly
[Licensing::Client] Handshaking with LicensingClient:
  Version:                 1.17.4+4293ba1
  Session Id:              6dd0681e933f47dbaa627fe612c7ebff
  Correlation Id:          2ca3655951523d2f4d5623fdddc6f05e
  External correlation Id: 4446295365193459495
  Machine Id:              u37oKcjfOtQKUgW8iZHfUJpkHZc=
[Licensing::Module] Successfully connected to LicensingClient on channel: "LicenseClient-aryan" (connect: 0.00s, validation: 0.00s, handshake: 0.60s)
[Licensing::IpcConnector] Successfully connected to: "LicenseClient-aryan-notifications" at "2026-01-16T19:10:42.061003Z"
[Licensing::Module] Licensing Background thread has ended after 0.60s
Registering precompiled unity dll's ...
Register platform support module: /Applications/Unity/Hub/Editor/6000.3.3f1/PlaybackEngines/WebGLSupport/UnityEditor.WebGL.Extensions.dll
Register platform support module: /Applications/Unity/Hub/Editor/6000.3.3f1/Unity.app/Contents/PlaybackEngines/MacStandaloneSupport/UnityEditor.OSXStandalone.Extensions.dll
Registered in 0.000229 seconds.
- Loaded All Assemblies, in  0.272 seconds
Native extension for OSXStandalone target not found
Native extension for WebGL target not found
Mono: successfully reloaded assembly
- Finished resetting the current domain, in  0.237 seconds
Domain Reload Profiling: 510ms
	BeginReloadAssembly (115ms)
		ExecutionOrderSort (0ms)
		DisableScriptedObjects (0ms)
		BackupInstance (0ms)
		ReleaseScriptingObjects (0ms)
		CreateAndSetChildDomain (0ms)
	RebuildCommonClasses (22ms)
	RebuildNativeTypeToScriptingClass (7ms)
	initialDomainReloadingComplete (27ms)
	LoadAllAssembliesAndSetupDomain (101ms)
		LoadAssemblies (114ms)
		RebuildTransferFunctionScriptingTraits (0ms)
		AnalyzeDomain (100ms)
			TypeCache.Refresh (99ms)
				TypeCache.ScanAssembly (90ms)
			BuildScriptInfoCaches (0ms)
			ResolveRequiredComponents (0ms)
	FinalizeReload (238ms)
		ReleaseScriptCaches (0ms)
		RebuildScriptCaches (0ms)
		SetupLoadedEditorAssemblies (211ms)
			LogAssemblyErrors (0ms)
			InitializePlatformSupportModulesInManaged (27ms)
			SetLoadedEditorAssemblies (2ms)
			BeforeProcessingInitializeOnLoad (50ms)
			ProcessInitializeOnLoadAttributes (80ms)
			ProcessInitializeOnLoadMethodAttributes (52ms)
			AfterProcessingInitializeOnLoad (0ms)
			EditorAssembliesLoaded (0ms)
		ExecutionOrderSort2 (0ms)
		AwakeInstancesAfterBackupRestoration (0ms)
[CoreBusinessMetrics] Unexpected thread when updating session info.
========================================================================
Worker process is ready to serve import requests
Import Worker Mode flag is 0x00
Begin MonoManager ReloadAssembly
[Licensing::Client] Successfully resolved entitlement details
[Licensing::Module] License group:
  Id: 20066624557717-UnityPersXXXX
  Product: Unity Personal
  Type: Assigned
  Expiration: Unlimited
- Loaded All Assemblies, in  0.445 seconds
Refreshing native plugins compatible for Editor in 0.25 ms, found 2 plugins.
Native extension for OSXStandalone target not found
Native extension for WebGL target not found
Package Manager log level set to [2]
[Package Manager] Failed to launch server process. Reason: Unity was launched with the -noUpm command-line argument
[Package Manager] Unable to send message (not connected to server process).
[Package Manager] Cannot connect to Unity Package Manager local server
Mono: successfully reloaded assembly
- Finished resetting the current domain, in  0.434 seconds
Domain Reload Profiling: 879ms
	BeginReloadAssembly (91ms)
		ExecutionOrderSort (0ms)
		DisableScriptedObjects (3ms)
		BackupInstance (0ms)
		ReleaseScriptingObjects (0ms)
		CreateAndSetChildDomain (25ms)
	RebuildCommonClasses (22ms)
	RebuildNativeTypeToScriptingClass (8ms)
	initialDomainReloadingComplete (18ms)
	LoadAllAssembliesAndSetupDomain (305ms)
		LoadAssemblies (199ms)
		RebuildTransferFunctionScriptingTraits (0ms)
		AnalyzeDomain (147ms)
			TypeCache.Refresh (116ms)
				TypeCache.ScanAssembly (104ms)
			BuildScriptInfoCaches (24ms)
			ResolveRequiredComponents (6ms)
	FinalizeReload (434ms)
		ReleaseScriptCaches (0ms)
		RebuildScriptCaches (0ms)
		SetupLoadedEditorAssemblies (357ms)
			LogAssemblyErrors (0ms)
			InitializePlatformSupportModulesInManaged (1ms)
			SetLoadedEditorAssemblies (3ms)
			BeforeProcessingInitializeOnLoad (84ms)
			ProcessInitializeOnLoadAttributes (204ms)
			ProcessInitializeOnLoadMethodAttributes (64ms)
			AfterProcessingInitializeOnLoad (1ms)
			EditorAssembliesLoaded (0ms)
		ExecutionOrderSort2 (0ms)
		AwakeInstancesAfterBackupRestoration (2ms)
WARNING: Shader Unsupported: 'Universal Render Pipeline/VR/SpatialMapping/Wireframe' - All subshaders removed
WARNING: Shader Did you use #pragma only_renderers and omit this platform?
WARNING: Shader If subshaders removal was intentional, you may have forgotten turning Fallback off?
WARNING: Shader Unsupported: 'Universal Render Pipeline/VR/SpatialMapping/Wireframe' - All subshaders removed
WARNING: Shader Did you use #pragma only_renderers and omit this platform?
WARNING: Shader If subshaders removal was intentional, you may have forgotten turning Fallback off?
Launching external process: /Applications/Unity/Hub/Editor/6000.3.3f1/Unity.app/Contents/Helpers/UnityShaderCompiler
Launched and connected shader compiler UnityShaderCompiler after 0.02 seconds
Refreshing native plugins compatible for Editor in 0.32 ms, found 2 plugins.
Preloading 0 native plugins for Editor in 0.00 ms.
Unloading 17 Unused Serialized files (Serialized files now loaded: 0)
Unloading 6886 unused Assets / (4.1 MB). Loaded Objects now: 7721.
Memory consumption went from 176.8 MB to 172.7 MB.
Total: 5.424125 ms (FindLiveObjects: 0.486750 ms CreateObjectMapping: 0.164167 ms MarkObjects: 3.807334 ms  DeleteObjects: 0.965667 ms)

========================================================================
Received Import Request.
  Time since last request: 257658.903831 seconds.
  path: Assets/idle.anim
  artifactKey: Guid(33bf6097cbaa0458dbe0e284d4536890) Importer(2089858483,b0f066a214c2f5e87bad3c948f4d605d)
Start importing Assets/idle.anim using Guid(33bf6097cbaa0458dbe0e284d4536890) Importer(2089858483,b0f066a214c2f5e87bad3c948f4d605d) (ScriptedImporter) -> (artifact id: 'da23cfa31a05b8e34ccb6d1ed5e14b3d') in 0.052619542 seconds
Number of updated asset objects reloaded before import = 0Number of asset objects unloaded after import = 1

========================================================================
Received Import Request.
  Time since last request: 300.600858 seconds.
  path: Assets/idle.anim
  artifactKey: Guid(33bf6097cbaa0458dbe0e284d4536890) Importer(815301076,1909f56bfc062723c751e8b465ee728b)
Start importing Assets/idle.anim using Guid(33bf6097cbaa0458dbe0e284d4536890) Importer(815301076,1909f56bfc062723c751e8b465ee728b) (PreviewImporter) -> (artifact id: 'b68d06ec7256e965b9465bee00ff7e93') in 0.032154292 seconds
Number of updated asset objects reloaded before import = 0Number of asset objects unloaded after import = 1

========================================================================
Received Import Request.
  Time since last request: 38.740157 seconds.
  path: Assets/arcueid_idle.anim
  artifactKey: Guid(33bf6097cbaa0458dbe0e284d4536890) Importer(815301076,1909f56bfc062723c751e8b465ee728b)
Start importing Assets/arcueid_idle.anim using Guid(33bf6097cbaa0458dbe0e284d4536890) Importer(815301076,1909f56bfc062723c751e8b465ee728b) (PreviewImporter) -> (artifact id: 'c64713a753d8ff1b8c2941117334526f') in 0.000982792 seconds
Number of updated asset objects reloaded before import = 0Number of asset objects unloaded after import = 1

========================================================================
Received Import Request.
  Time since last request: 0.916765 seconds.
  path: Assets/arcueid_idle.anim
  artifactKey: Guid(33bf6097cbaa0458dbe0e284d4536890) Importer(2089858483,b0f066a214c2f5e87bad3c948f4d605d)
Start importing Assets/arcueid_idle.anim using Guid(33bf6097cbaa0458dbe0e284d4536890) Importer(2089858483,b0f066a214c2f5e87bad3c948f4d605d) (ScriptedImporter) -> (artifact id: 'c7995f79bc69316f83926b706c6f9b23') in 0.010459459 seconds
Number of updated asset objects reloaded before import = 0Number of asset objects unloaded after import = 1

========================================================================
Received Import Request.
  Time since last request: 2.186192 seconds.
  path: Assets/Animations/arcueid_idle.anim
  artifactKey: Guid(33bf6097cbaa0458dbe0e284d4536890) Importer(2089858483,b0f066a214c2f5e87bad3c948f4d605d)
Start importing Assets/Animations/arcueid_idle.anim using Guid(33bf6097cbaa0458dbe0e284d4536890) Importer(2089858483,b0f066a214c2f5e87bad3c948f4d605d) (ScriptedImporter) -> (artifact id: '139c38908385f0cd8a51c6dde0840bde') in 0.003461875 seconds
Number of updated asset objects reloaded before import = 0Number of asset objects unloaded after import = 1

========================================================================
Received Prepare
Begin MonoManager ReloadAssembly
[Licensing::Client] Successfully resolved entitlement details
Thread 0x3404fb000 may have been prematurely finalized
- Loaded All Assemblies, in  0.479 seconds
Refreshing native plugins compatible for Editor in 0.32 ms, found 2 plugins.
Native extension for OSXStandalone target not found
Native extension for WebGL target not found
[Package Manager] Failed to launch server process. Reason: Unity was launched with the -noUpm command-line argument
[Package Manager] Unable to send message (not connected to server process).
[Package Manager] Cannot connect to Unity Package Manager local server
Mono: successfully reloaded assembly
- Finished resetting the current domain, in  0.445 seconds
Domain Reload Profiling: 926ms
	BeginReloadAssembly (167ms)
		ExecutionOrderSort (0ms)
		DisableScriptedObjects (17ms)
		BackupInstance (0ms)
		ReleaseScriptingObjects (0ms)
		CreateAndSetChildDomain (71ms)
	RebuildCommonClasses (23ms)
	RebuildNativeTypeToScriptingClass (8ms)
	initialDomainReloadingComplete (15ms)
	LoadAllAssembliesAndSetupDomain (269ms)
		LoadAssemblies (193ms)
		RebuildTransferFunctionScriptingTraits (0ms)
		AnalyzeDomain (107ms)
			TypeCache.Refresh (7ms)
				TypeCache.ScanAssembly (0ms)
			BuildScriptInfoCaches (92ms)
			ResolveRequiredComponents (6ms)
	FinalizeReload (445ms)
		ReleaseScriptCaches (0ms)
		RebuildScriptCaches (0ms)
		SetupLoadedEditorAssemblies (363ms)
			LogAssemblyErrors (0ms)
			InitializePlatformSupportModulesInManaged (1ms)
			SetLoadedEditorAssemblies (4ms)
			BeforeProcessingInitializeOnLoad (95ms)
			ProcessInitializeOnLoadAttributes (220ms)
			ProcessInitializeOnLoadMethodAttributes (42ms)
			AfterProcessingInitializeOnLoad (2ms)
			EditorAssembliesLoaded (0ms)
		ExecutionOrderSort2 (0ms)
		AwakeInstancesAfterBackupRestoration (6ms)
WARNING: Shader Unsupported: 'Universal Render Pipeline/VR/SpatialMapping/Wireframe' - All subshaders removed
WARNING: Shader Did you use #pragma only_renderers and omit this platform?
WARNING: Shader If subshaders removal was intentional, you may have forgotten turning Fallback off?
WARNING: Shader Unsupported: 'Universal Render Pipeline/VR/SpatialMapping/Wireframe' - All subshaders removed
WARNING: Shader Did you use #pragma only_renderers and omit this platform?
WARNING: Shader If subshaders removal was intentional, you may have forgotten turning Fallback off?
Refreshing native plugins compatible for Editor in 0.44 ms, found 2 plugins.
Preloading 0 native plugins for Editor in 0.00 ms.
Unloading 17 Unused Serialized files (Serialized files now loaded: 0)
Unloading 6885 unused Assets / (3.1 MB). Loaded Objects now: 7728.
Memory consumption went from 186.7 MB to 183.5 MB.
Total: 6.011291 ms (FindLiveObjects: 0.350375 ms CreateObjectMapping: 0.138917 ms MarkObjects: 4.505291 ms  DeleteObjects: 1.016542 ms)

Prepare: number of updated asset objects reloaded= 0
========================================================================
Received Import Request.
  Time since last request: 346.667537 seconds.
  path: Assets/sprite_shiki/shi00_000.png
  artifactKey: Guid(12838a660fa6c46d685a60095b2f06b8) Importer(815301076,1909f56bfc062723c751e8b465ee728b)
Start importing Assets/sprite_shiki/shi00_000.png using Guid(12838a660fa6c46d685a60095b2f06b8) Importer(815301076,1909f56bfc062723c751e8b465ee728b) (PreviewImporter) -> (artifact id: '7b885d3c1aef6714101f00d99308849c') in 0.163565916 seconds
Number of updated asset objects reloaded before import = 0Number of asset objects unloaded after import = 3

========================================================================
Received Import Request.
  Time since last request: 0.000070 seconds.
  path: Assets/sprite_shiki/shi04_004.png
  artifactKey: Guid(417d4f89c0773434ca80c88698896694) Importer(815301076,1909f56bfc062723c751e8b465ee728b)
Start importing Assets/sprite_shiki/shi04_004.png using Guid(417d4f89c0773434ca80c88698896694) Importer(815301076,1909f56bfc062723c751e8b465ee728b) (PreviewImporter) -> (artifact id: 'd05ba4f291317da43b85e1a277665dc4') in 0.008838666 seconds
Number of updated asset objects reloaded before import = 0Number of asset objects unloaded after import = 3

========================================================================
Received Import Request.
  Time since last request: 0.000023 seconds.
  path: Assets/sprite_shiki/shi02_009.png
  artifactKey: Guid(b4cc8e9291f1c46f390f01d06cd99756) Importer(815301076,1909f56bfc062723c751e8b465ee728b)
Start importing Assets/sprite_shiki/shi02_009.png using Guid(b4cc8e9291f1c46f390f01d06cd99756) Importer(815301076,1909f56bfc062723c751e8b465ee728b) (PreviewImporter) -> (artifact id: '9a37ad6a5445323484ea0436883f57a2') in 0.007670375 seconds
Number of updated asset objects reloaded before import = 0Number of asset objects unloaded after import = 3

========================================================================
Received Import Request.
  Time since last request: 0.000048 seconds.
  path: Assets/sprite_shiki/shi03_002.png
  artifactKey: Guid(72f95347f6921408aae281f7cc969063) Importer(815301076,1909f56bfc062723c751e8b465ee728b)
Start importing Assets/sprite_shiki/shi03_002.png using Guid(72f95347f6921408aae281f7cc969063) Importer(815301076,1909f56bfc062723c751e8b465ee728b) (PreviewImporter) -> (artifact id: 'e0cb83158f24162aa2cd0a38003b0e36') in 0.007305292 seconds
Number of updated asset objects reloaded before import = 0Number of asset objects unloaded after import = 3

========================================================================
Received Import Request.
  Time since last request: 0.000034 seconds.
  path: Assets/sprite_shiki/shi00_008.png
  artifactKey: Guid(ae986f028495b402f9e06b2b7d85cbbf) Importer(815301076,1909f56bfc062723c751e8b465ee728b)
Start importing Assets/sprite_shiki/shi00_008.png using Guid(ae986f028495b402f9e06b2b7d85cbbf) Importer(815301076,1909f56bfc062723c751e8b465ee728b) (PreviewImporter) -> (artifact id: '3dd474622d0848b7f5814da8dbe234d2') in 0.005951834 seconds
Number of updated asset objects reloaded before import = 0Number of asset objects unloaded after import = 3

========================================================================
Received Import Request.
  Time since last request: 0.000043 seconds.
  path: Assets/sprite_shiki/shi00_006.png
  artifactKey: Guid(4a200137c0eaa4eee8f0f3289e65cb1b) Importer(815301076,1909f56bfc062723c751e8b465ee728b)
Start importing Assets/sprite_shiki/shi00_006.png using Guid(4a200137c0eaa4eee8f0f3289e65cb1b) Importer(815301076,1909f56bfc062723c751e8b465ee728b) (PreviewImporter) -> (artifact id: '2a9fe1ed038818d660b58405ce2fce1e') in 0.006395333 seconds
Number of updated asset objects reloaded before import = 0Number of asset objects unloaded after import = 3

========================================================================
Received Import Request.
  Time since last request: 0.000045 seconds.
  path: Assets/sprite_shiki/shi02_013.png
  artifactKey: Guid(806b3d0f3cc4b4e53bb2ffa6c1fde28f) Importer(815301076,1909f56bfc062723c751e8b465ee728b)
Start importing Assets/sprite_shiki/shi02_013.png using Guid(806b3d0f3cc4b4e53bb2ffa6c1fde28f) Importer(815301076,1909f56bfc062723c751e8b465ee728b) (PreviewImporter) -> (artifact id: 'fcb6d2f4e1fc1b0ad3e14d13b8f36d06') in 0.006429125 seconds
Number of updated asset objects reloaded before import = 0Number of asset objects unloaded after import = 3

========================================================================
Received Import Request.
  Time since last request: 0.000031 seconds.
  path: Assets/sprite_shiki/shi03_006.png
  artifactKey: Guid(a307874d549784e619741ed6baf3943f) Importer(815301076,1909f56bfc062723c751e8b465ee728b)
Start importing Assets/sprite_shiki/shi03_006.png using Guid(a307874d549784e619741ed6baf3943f) Importer(815301076,1909f56bfc062723c751e8b465ee728b) (PreviewImporter) -> (artifact id: '70c52bbf37093eeff69b57427304c234') in 0.009030167 seconds
Number of updated asset objects reloaded before import = 0Number of asset objects unloaded after import = 3

========================================================================
Received Import Request.
  Time since last request: 0.000052 seconds.
  path: Assets/sprite_shiki/shi02_004.png
  artifactKey: Guid(bd79ceb44c0d14cc2b66573bcc8630a9) Importer(815301076,1909f56bfc062723c751e8b465ee728b)
Start importing Assets/sprite_shiki/shi02_004.png using Guid(bd79ceb44c0d14cc2b66573bcc8630a9) Importer(815301076,1909f56bfc062723c751e8b465ee728b) (PreviewImporter) -> (artifact id: '68affd9f989a602f0fae81dfbac7484b') in 0.00802975 seconds
Number of updated asset objects reloaded before import = 0Number of asset objects unloaded after import = 3

========================================================================
Received Import Request.
  Time since last request: 0.000056 seconds.
  path: Assets/sprite_shiki/shi03_013.png
  artifactKey: Guid(78e7af74451c14479b61d9adf827588f) Importer(815301076,1909f56bfc062723c751e8b465ee728b)
Start importing Assets/sprite_shiki/shi03_013.png using Guid(78e7af74451c14479b61d9adf827588f) Importer(815301076,1909f56bfc062723c751e8b465ee728b) (PreviewImporter) -> (artifact id: '0cdd589ac3eff32bfd3481c8d41caa2b') in 0.008234416 seconds
Number of updated asset objects reloaded before import = 0Number of asset objects unloaded after import = 3

========================================================================
Received Import Request.
  Time since last request: 0.000065 seconds.
  path: Assets/sprite_shiki/shi03_007.png
  artifactKey: Guid(c5abbf1f21d324fb38a5b2ba89566c73) Importer(815301076,1909f56bfc062723c751e8b465ee728b)
Start importing Assets/sprite_shiki/shi03_007.png using Guid(c5abbf1f21d324fb38a5b2ba89566c73) Importer(815301076,1909f56bfc062723c751e8b465ee728b) (PreviewImporter) -> (artifact id: 'ce91cf918fcc48a7d20c837dd7a1909f') in 0.006084625 seconds
Number of updated asset objects reloaded before import = 0Number of asset objects unloaded after import = 3

========================================================================
Received Import Request.
  Time since last request: 0.000034 seconds.
  path: Assets/sprite_shiki/shi02_011.png
  artifactKey: Guid(121c34177b7124f07b7fa81cb812a439) Importer(815301076,1909f56bfc062723c751e8b465ee728b)
Start importing Assets/sprite_shiki/shi02_011.png using Guid(121c34177b7124f07b7fa81cb812a439) Importer(815301076,1909f56bfc062723c751e8b465ee728b) (PreviewImporter) -> (artifact id: '3e5f0d937dbb1804c124c48d5c4d93de') in 0.007397167 seconds
Number of updated asset objects reloaded before import = 0Number of asset objects unloaded after import = 3

========================================================================
Received Import Request.
  Time since last request: 0.000075 seconds.
  path: Assets/sprite_shiki/shi00_007.png
  artifactKey: Guid(d96ad13b8f5624024b7474a1b7f0da38) Importer(815301076,1909f56bfc062723c751e8b465ee728b)
Start importing Assets/sprite_shiki/shi00_007.png using Guid(d96ad13b8f5624024b7474a1b7f0da38) Importer(815301076,1909f56bfc062723c751e8b465ee728b) (PreviewImporter) -> (artifact id: '2e2f10162d9af98cedc4ed41b83eaa19') in 0.006022125 seconds
Number of updated asset objects reloaded before import = 0Number of asset objects unloaded after import = 3

========================================================================
Received Import Request.
  Time since last request: 0.000058 seconds.
  path: Assets/sprite_shiki/shi02_015.png
  artifactKey: Guid(b9699e343686741dd811b0fd52c52962) Importer(815301076,1909f56bfc062723c751e8b465ee728b)
Start importing Assets/sprite_shiki/shi02_015.png using Guid(b9699e343686741dd811b0fd52c52962) Importer(815301076,1909f56bfc062723c751e8b465ee728b) (PreviewImporter) -> (artifact id: 'a26a2bb999b5c1bf2c02b5a2bacb40e4') in 0.00679825 seconds
Number of updated asset objects reloaded before import = 0Number of asset objects unloaded after import = 3

========================================================================
Received Import Request.
  Time since last request: 0.000045 seconds.
  path: Assets/sprite_shiki/shi00_012.png
  artifactKey: Guid(70859f733677d4891836887b03de572d) Importer(815301076,1909f56bfc062723c751e8b465ee728b)
Start importing Assets/sprite_shiki/shi00_012.png using Guid(70859f733677d4891836887b03de572d) Importer(815301076,1909f56bfc062723c751e8b465ee728b) (PreviewImporter) -> (artifact id: '485c3959fbb017a071d17053aeca8190') in 0.005512 seconds
Number of updated asset objects reloaded before import = 0Number of asset objects unloaded after import = 3

========================================================================
Received Import Request.
  Time since last request: 0.000077 seconds.
  path: Assets/sprite_shiki/shi02_001.png
  artifactKey: Guid(4f5263783e4aa400e8d01706936a4084) Importer(815301076,1909f56bfc062723c751e8b465ee728b)
Start importing Assets/sprite_shiki/shi02_001.png using Guid(4f5263783e4aa400e8d01706936a4084) Importer(815301076,1909f56bfc062723c751e8b465ee728b) (PreviewImporter) -> (artifact id: '4332e5cbf98556ce588faa0ae16d0dd9') in 0.007413167 seconds
Number of updated asset objects reloaded before import = 0Number of asset objects unloaded after import = 3

========================================================================
Received Import Request.
  Time since last request: 0.000254 seconds.
  path: Assets/sprite_shiki/shi03_012.png
  artifactKey: Guid(a201394eb328f4566a4613d71c026703) Importer(815301076,1909f56bfc062723c751e8b465ee728b)
Start importing Assets/sprite_shiki/shi03_012.png using Guid(a201394eb328f4566a4613d71c026703) Importer(815301076,1909f56bfc062723c751e8b465ee728b) (PreviewImporter) -> (artifact id: 'e9ee016cca84baf6912128435075fff0') in 0.00752825 seconds
Number of updated asset objects reloaded before import = 0Number of asset objects unloaded after import = 3

========================================================================
Received Import Request.
  Time since last request: 0.000044 seconds.
  path: Assets/sprite_shiki/shi01_005.png
  artifactKey: Guid(50024cafee56b4ac0b06a86c1538eb9d) Importer(815301076,1909f56bfc062723c751e8b465ee728b)
Start importing Assets/sprite_shiki/shi01_005.png using Guid(50024cafee56b4ac0b06a86c1538eb9d) Importer(815301076,1909f56bfc062723c751e8b465ee728b) (PreviewImporter) -> (artifact id: '6a3a3ec7fc54e740e9b94bcc95988076') in 0.008676042 seconds
Number of updated asset objects reloaded before import = 0Number of asset objects unloaded after import = 3

========================================================================
Received Import Request.
  Time since last request: 0.000028 seconds.
  path: Assets/sprite_shiki/shi01_000.png
  artifactKey: Guid(239021b84245e4f7fa862aecff815b3d) Importer(815301076,1909f56bfc062723c751e8b465ee728b)
Start importing Assets/sprite_shiki/shi01_000.png using Guid(239021b84245e4f7fa862aecff815b3d) Importer(815301076,1909f56bfc062723c751e8b465ee728b) (PreviewImporter) -> (artifact id: 'b8d948c7e6197f6111df422a4fd7457c') in 0.006248 seconds
Number of updated asset objects reloaded before import = 0Number of asset objects unloaded after import = 3

========================================================================
Received Import Request.
  Time since last request: 0.000046 seconds.
  path: Assets/sprite_shiki/shi02_007.png
  artifactKey: Guid(811012c35ddbe4fe29ccc0d08d9c17a7) Importer(815301076,1909f56bfc062723c751e8b465ee728b)
Start importing Assets/sprite_shiki/shi02_007.png using Guid(811012c35ddbe4fe29ccc0d08d9c17a7) Importer(815301076,1909f56bfc062723c751e8b465ee728b) (PreviewImporter) -> (artifact id: '48b41efee0a3ddc3744c2bca4e5cc3a1') in 0.008227209 seconds
Number of updated asset objects reloaded before import = 0Number of asset objects unloaded after import = 3

========================================================================
Received Import Request.
  Time since last request: 0.000035 seconds.
  path: Assets/sprite_shiki/shi00_015.png
  artifactKey: Guid(cd9704a43c4aa482db854f1aab1aa588) Importer(815301076,1909f56bfc062723c751e8b465ee728b)
Start importing Assets/sprite_shiki/shi00_015.png using Guid(cd9704a43c4aa482db854f1aab1aa588) Importer(815301076,1909f56bfc062723c751e8b465ee728b) (PreviewImporter) -> (artifact id: '34307db1c87527b2af237fca3ce76db4') in 0.009564292 seconds
Number of updated asset objects reloaded before import = 0Number of asset objects unloaded after import = 3

========================================================================
Received Import Request.
  Time since last request: 0.000026 seconds.
  path: Assets/sprite_shiki/shi02_012.png
  artifactKey: Guid(99747d3f120934c37b1d9d3ea0efc2ee) Importer(815301076,1909f56bfc062723c751e8b465ee728b)
Start importing Assets/sprite_shiki/shi02_012.png using Guid(99747d3f120934c37b1d9d3ea0efc2ee) Importer(815301076,1909f56bfc062723c751e8b465ee728b) (PreviewImporter) -> (artifact id: 'e2adefa00cc7b41d3910d78c72251df7') in 0.008533333 seconds
Number of updated asset objects reloaded before import = 0Number of asset objects unloaded after import = 3

========================================================================
Received Import Request.
  Time since last request: 0.000070 seconds.
  path: Assets/sprite_shiki/shi03_004.png
  artifactKey: Guid(a75d2d0e29fdc4a7a96a0968d1422c64) Importer(815301076,1909f56bfc062723c751e8b465ee728b)
Start importing Assets/sprite_shiki/shi03_004.png using Guid(a75d2d0e29fdc4a7a96a0968d1422c64) Importer(815301076,1909f56bfc062723c751e8b465ee728b) (PreviewImporter) -> (artifact id: '5daa5afbe66ae0023bcd7c385dbd9ffc') in 0.010982834 seconds
Number of updated asset objects reloaded before import = 0Number of asset objects unloaded after import = 4

========================================================================
Received Import Request.
  Time since last request: 0.000071 seconds.
  path: Assets/sprite_shiki/shi03_017.png
  artifactKey: Guid(42312165b32f94a508651a5fa5a711c6) Importer(815301076,1909f56bfc062723c751e8b465ee728b)
Start importing Assets/sprite_shiki/shi03_017.png using Guid(42312165b32f94a508651a5fa5a711c6) Importer(815301076,1909f56bfc062723c751e8b465ee728b) (PreviewImporter) -> (artifact id: '6dca62041ae8e0ae080ef35c9730d4a6') in 0.011709292 seconds
Number of updated asset objects reloaded before import = 0Number of asset objects unloaded after import = 3

========================================================================
Received Import Request.
  Time since last request: 0.000043 seconds.
  path: Assets/sprite_shiki/shi00_010.png
  artifactKey: Guid(f3f64969e95354ad8aa69b04af63f0b1) Importer(815301076,1909f56bfc062723c751e8b465ee728b)
Start importing Assets/sprite_shiki/shi00_010.png using Guid(f3f64969e95354ad8aa69b04af63f0b1) Importer(815301076,1909f56bfc062723c751e8b465ee728b) (PreviewImporter) -> (artifact id: '5949dba7e790bec6bdd2de9a81a2c79d') in 0.004904416 seconds
Number of updated asset objects reloaded before import = 0Number of asset objects unloaded after import = 3

========================================================================
Received Import Request.
  Time since last request: 0.000030 seconds.
  path: Assets/sprite_shiki/shi03_000.png
  artifactKey: Guid(c429ecbeb0fa543499d7fab6691293b4) Importer(815301076,1909f56bfc062723c751e8b465ee728b)
Start importing Assets/sprite_shiki/shi03_000.png using Guid(c429ecbeb0fa543499d7fab6691293b4) Importer(815301076,1909f56bfc062723c751e8b465ee728b) (PreviewImporter) -> (artifact id: '2ccb73731019d4642a000d66f7fe3a6a') in 0.010072292 seconds
Number of updated asset objects reloaded before import = 0Number of asset objects unloaded after import = 3

========================================================================
Received Import Request.
  Time since last request: 0.000049 seconds.
  path: Assets/sprite_shiki/shi03_015.png
  artifactKey: Guid(2a971c5c08a8e42dc9464cc49d354dde) Importer(815301076,1909f56bfc062723c751e8b465ee728b)
Start importing Assets/sprite_shiki/shi03_015.png using Guid(2a971c5c08a8e42dc9464cc49d354dde) Importer(815301076,1909f56bfc062723c751e8b465ee728b) (PreviewImporter) -> (artifact id: 'ffcfcd214cf7e843bb92ef6012658a32') in 0.006601875 seconds
Number of updated asset objects reloaded before import = 0Number of asset objects unloaded after import = 3

========================================================================
Received Import Request.
  Time since last request: 0.000059 seconds.
  path: Assets/sprite_shiki/shi02_002.png
  artifactKey: Guid(c5065ec53a65549ac96124db449efbc8) Importer(815301076,1909f56bfc062723c751e8b465ee728b)
Start importing Assets/sprite_shiki/shi02_002.png using Guid(c5065ec53a65549ac96124db449efbc8) Importer(815301076,1909f56bfc062723c751e8b465ee728b) (PreviewImporter) -> (artifact id: 'aaa4792d4d67dbfd37523a10bc79f945') in 0.006752375 seconds
Number of updated asset objects reloaded before import = 0Number of asset objects unloaded after import = 3

========================================================================
Received Import Request.
  Time since last request: 0.000057 seconds.
  path: Assets/sprite_shiki/shi01_004.png
  artifactKey: Guid(14cab3cc3fcbb4bde93296448dc3aa4a) Importer(815301076,1909f56bfc062723c751e8b465ee728b)
Start importing Assets/sprite_shiki/shi01_004.png using Guid(14cab3cc3fcbb4bde93296448dc3aa4a) Importer(815301076,1909f56bfc062723c751e8b465ee728b) (PreviewImporter) -> (artifact id: 'eb4a5a50ff3d77914e984f2eb00ca2b4') in 0.006702541 seconds
Number of updated asset objects reloaded before import = 0Number of asset objects unloaded after import = 3

========================================================================
Received Import Request.
  Time since last request: 0.000124 seconds.
  path: Assets/sprite_shiki/shi05_003.png
  artifactKey: Guid(50b06f213b9244c01980f6c8d01116d3) Importer(815301076,1909f56bfc062723c751e8b465ee728b)
Start importing Assets/sprite_shiki/shi05_003.png using Guid(50b06f213b9244c01980f6c8d01116d3) Importer(815301076,1909f56bfc062723c751e8b465ee728b) (PreviewImporter) -> (artifact id: 'e27178ef365f2675e6adb6cd997df83b') in 0.00893825 seconds
Number of updated asset objects reloaded before import = 0Number of asset objects unloaded after import = 3

========================================================================
Received Import Request.
  Time since last request: 0.000070 seconds.
  path: Assets/sprite_shiki/shi01_001.png
  artifactKey: Guid(4e707448e2b2e4f12a3dfcc002e8a6db) Importer(815301076,1909f56bfc062723c751e8b465ee728b)
Start importing Assets/sprite_shiki/shi01_001.png using Guid(4e707448e2b2e4f12a3dfcc002e8a6db) Importer(815301076,1909f56bfc062723c751e8b465ee728b) (PreviewImporter) -> (artifact id: '5d7bfda0735396eedc963c5c551d6299') in 0.009422375 seconds
Number of updated asset objects reloaded before import = 0Number of asset objects unloaded after import = 3

========================================================================
Received Import Request.
  Time since last request: 0.000169 seconds.
  path: Assets/sprite_shiki/shi02_021.png
  artifactKey: Guid(a0bcc783cc42f4223b176eb78c5b2732) Importer(815301076,1909f56bfc062723c751e8b465ee728b)
Start importing Assets/sprite_shiki/shi02_021.png using Guid(a0bcc783cc42f4223b176eb78c5b2732) Importer(815301076,1909f56bfc062723c751e8b465ee728b) (PreviewImporter) -> (artifact id: 'ecbc3d2dde34d9c45c4b99a81daa4d03') in 0.009886583 seconds
Number of updated asset objects reloaded before import = 0Number of asset objects unloaded after import = 3

========================================================================
Received Import Request.
  Time since last request: 0.000050 seconds.
  path: Assets/sprite_shiki/shi03_003.png
  artifactKey: Guid(af9d1192fabb54c80843cdebd5d23b0d) Importer(815301076,1909f56bfc062723c751e8b465ee728b)
Start importing Assets/sprite_shiki/shi03_003.png using Guid(af9d1192fabb54c80843cdebd5d23b0d) Importer(815301076,1909f56bfc062723c751e8b465ee728b) (PreviewImporter) -> (artifact id: '5a3bbefa9e28ad2cbe4d1cb851190b37') in 0.00531075 seconds
Number of updated asset objects reloaded before import = 0Number of asset objects unloaded after import = 3

========================================================================
Received Import Request.
  Time since last request: 0.000146 seconds.
  path: Assets/sprite_shiki/shi01_003.png
  artifactKey: Guid(67863ba1750e04f8c9d5fa7d5d29cc6f) Importer(815301076,1909f56bfc062723c751e8b465ee728b)
Start importing Assets/sprite_shiki/shi01_003.png using Guid(67863ba1750e04f8c9d5fa7d5d29cc6f) Importer(815301076,1909f56bfc062723c751e8b465ee728b) (PreviewImporter) -> (artifact id: '06f0422122730129d115caaa6d65a10d') in 0.006396709 seconds
Number of updated asset objects reloaded before import = 0Number of asset objects unloaded after import = 3

========================================================================
Received Import Request.
  Time since last request: 0.000104 seconds.
  path: Assets/sprite_shiki/shi02_005.png
  artifactKey: Guid(4ad86a0d536f44bf8a43cf99ea05ec22) Importer(815301076,1909f56bfc062723c751e8b465ee728b)
Start importing Assets/sprite_shiki/shi02_005.png using Guid(4ad86a0d536f44bf8a43cf99ea05ec22) Importer(815301076,1909f56bfc062723c751e8b465ee728b) (PreviewImporter) -> (artifact id: '84e89efddacbf9b78d223bc9bbfc1488') in 0.011499125 seconds
Number of updated asset objects reloaded before import = 0Number of asset objects unloaded after import = 3

========================================================================
Received Import Request.
  Time since last request: 0.000089 seconds.
  path: Assets/sprite_shiki/shi03_008.png
  artifactKey: Guid(a21676af7bdd64cf7b045e4c38f885d4) Importer(815301076,1909f56bfc062723c751e8b465ee728b)
Start importing Assets/sprite_shiki/shi03_008.png using Guid(a21676af7bdd64cf7b045e4c38f885d4) Importer(815301076,1909f56bfc062723c751e8b465ee728b) (PreviewImporter) -> (artifact id: '08caf8cbef2d6a6928eaed8476de17b3') in 0.00669475 seconds
Number of updated asset objects reloaded before import = 0Number of asset objects unloaded after import = 3

Editor requested this worker to shutdown with reason: Scaling down because of idle timeout
AssetImportWorkerClient::OnTransportError - code=2 error=End of file
AssetImportWorker is now disconnected from the server
Process exiting
